[    0.000000] Initializing cgroup subsys cpuset
[    0.000000] Initializing cgroup subsys cpu
[    0.000000] Initializing cgroup subsys cpuacct
[    0.000000] Linux version 4.4.0-170-generic (buildd@lcy01-amd64-019) (gcc version 5.4.0 20160609 (Ubuntu 5.4.0-6ubuntu1~16.04.12) ) #199-Ubuntu SMP Thu Nov 14 01:45:04 UTC 2019 (Ubuntu 4.4.0-170.199-generic 4.4.200)
[    0.000000] Command line: BOOT_IMAGE=/boot/vmlinuz-4.4.0-170-generic root=LABEL=cloudimg-rootfs ro console=tty1 console=ttyS0
[    0.000000] KERNEL supported cpus:
[    0.000000]   Intel GenuineIntel
[    0.000000]   AMD AuthenticAMD
[    0.000000]   Centaur CentaurHauls
[    0.000000] x86/fpu: xstate_offset[2]:  576, xstate_sizes[2]:  256
[    0.000000] x86/fpu: Supporting XSAVE feature 0x01: 'x87 floating point registers'
[    0.000000] x86/fpu: Supporting XSAVE feature 0x02: 'SSE registers'
[    0.000000] x86/fpu: Supporting XSAVE feature 0x04: 'AVX registers'
[    0.000000] x86/fpu: Enabled xstate features 0x7, context size is 832 bytes, using 'standard' format.
[    0.000000] e820: BIOS-provided physical RAM map:
[    0.000000] BIOS-e820: [mem 0x0000000000000000-0x000000000009fbff] usable
[    0.000000] BIOS-e820: [mem 0x000000000009fc00-0x000000000009ffff] reserved
[    0.000000] BIOS-e820: [mem 0x00000000000f0000-0x00000000000fffff] reserved
[    0.000000] BIOS-e820: [mem 0x0000000000100000-0x000000003ffeffff] usable
[    0.000000] BIOS-e820: [mem 0x000000003fff0000-0x000000003fffffff] ACPI data
[    0.000000] BIOS-e820: [mem 0x00000000fec00000-0x00000000fec00fff] reserved
[    0.000000] BIOS-e820: [mem 0x00000000fee00000-0x00000000fee00fff] reserved
[    0.000000] BIOS-e820: [mem 0x00000000fffc0000-0x00000000ffffffff] reserved
[    0.000000] NX (Execute Disable) protection: active
[    0.000000] SMBIOS 2.5 present.
[    0.000000] Hypervisor detected: KVM
[    0.000000] Kernel/User page tables isolation: disabled
[    0.000000] e820: last_pfn = 0x3fff0 max_arch_pfn = 0x400000000
[    0.000000] MTRR: Disabled
[    0.000000] x86/PAT: MTRRs disabled, skipping PAT initialization too.
[    0.000000] CPU MTRRs all blank - virtualized system.
[    0.000000] x86/PAT: Configuration [0-7]: WB  WT  UC- UC  WB  WT  UC- UC  
[    0.000000] found SMP MP-table at [mem 0x0009fff0-0x0009ffff] mapped at [ffff88000009fff0]
[    0.000000] Scanning 1 areas for low memory corruption
[    0.000000] RAMDISK: [mem 0x362f4000-0x37171fff]
[    0.000000] ACPI: Early table checksum verification disabled
[    0.000000] ACPI: RSDP 0x00000000000E0000 000024 (v02 VBOX  )
[    0.000000] ACPI: XSDT 0x000000003FFF0030 00003C (v01 VBOX   VBOXXSDT 00000001 ASL  00000061)
[    0.000000] ACPI: FACP 0x000000003FFF00F0 0000F4 (v04 VBOX   VBOXFACP 00000001 ASL  00000061)
[    0.000000] ACPI: DSDT 0x000000003FFF0470 0022EA (v02 VBOX   VBOXBIOS 00000002 INTL 20100528)
[    0.000000] ACPI: FACS 0x000000003FFF0200 000040
[    0.000000] ACPI: FACS 0x000000003FFF0200 000040
[    0.000000] ACPI: APIC 0x000000003FFF0240 00005C (v02 VBOX   VBOXAPIC 00000001 ASL  00000061)
[    0.000000] ACPI: SSDT 0x000000003FFF02A0 0001CC (v01 VBOX   VBOXCPUT 00000002 INTL 20100528)
[    0.000000] No NUMA configuration found
[    0.000000] Faking a node at [mem 0x0000000000000000-0x000000003ffeffff]
[    0.000000] NODE_DATA(0) allocated [mem 0x3ffeb000-0x3ffeffff]
[    0.000000] kvm-clock: Using msrs 4b564d01 and 4b564d00
[    0.000000] kvm-clock: cpu 0, msr 0:3ffe3001, primary cpu clock
[    0.000000] kvm-clock: using sched offset of 3219298514 cycles
[    0.000000] clocksource: kvm-clock: mask: 0xffffffffffffffff max_cycles: 0x1cd42e4dffb, max_idle_ns: 881590591483 ns
[    0.000000] Zone ranges:
[    0.000000]   DMA      [mem 0x0000000000001000-0x0000000000ffffff]
[    0.000000]   DMA32    [mem 0x0000000001000000-0x000000003ffeffff]
[    0.000000]   Normal   empty
[    0.000000]   Device   empty
[    0.000000] Movable zone start for each node
[    0.000000] Early memory node ranges
[    0.000000]   node   0: [mem 0x0000000000001000-0x000000000009efff]
[    0.000000]   node   0: [mem 0x0000000000100000-0x000000003ffeffff]
[    0.000000] Initmem setup node 0 [mem 0x0000000000001000-0x000000003ffeffff]
[    0.000000] ACPI: PM-Timer IO Port: 0x4008
[    0.000000] IOAPIC[0]: apic_id 2, version 32, address 0xfec00000, GSI 0-23
[    0.000000] ACPI: INT_SRC_OVR (bus 0 bus_irq 0 global_irq 2 dfl dfl)
[    0.000000] ACPI: INT_SRC_OVR (bus 0 bus_irq 9 global_irq 9 low level)
[    0.000000] Using ACPI (MADT) for SMP configuration information
[    0.000000] smpboot: Allowing 2 CPUs, 0 hotplug CPUs
[    0.000000] PM: Registered nosave memory: [mem 0x00000000-0x00000fff]
[    0.000000] PM: Registered nosave memory: [mem 0x0009f000-0x0009ffff]
[    0.000000] PM: Registered nosave memory: [mem 0x000a0000-0x000effff]
[    0.000000] PM: Registered nosave memory: [mem 0x000f0000-0x000fffff]
[    0.000000] e820: [mem 0x40000000-0xfebfffff] available for PCI devices
[    0.000000] Booting paravirtualized kernel on KVM
[    0.000000] clocksource: refined-jiffies: mask: 0xffffffff max_cycles: 0xffffffff, max_idle_ns: 7645519600211568 ns
[    0.000000] setup_percpu: NR_CPUS:512 nr_cpumask_bits:512 nr_cpu_ids:2 nr_node_ids:1
[    0.000000] PERCPU: Embedded 33 pages/cpu @ffff88003fc00000 s95448 r8192 d31528 u1048576
[    0.000000] Built 1 zonelists in Node order, mobility grouping on.  Total pages: 257912
[    0.000000] Policy zone: DMA32
[    0.000000] Kernel command line: BOOT_IMAGE=/boot/vmlinuz-4.4.0-170-generic root=LABEL=cloudimg-rootfs ro console=tty1 console=ttyS0
[    0.000000] PID hash table entries: 4096 (order: 3, 32768 bytes)
[    0.000000] Memory: 997716K/1048120K available (8626K kernel code, 1336K rwdata, 4036K rodata, 1488K init, 1288K bss, 50404K reserved, 0K cma-reserved)
[    0.000000] SLUB: HWalign=64, Order=0-3, MinObjects=0, CPUs=2, Nodes=1
[    0.000000] Hierarchical RCU implementation.
[    0.000000] 	Build-time adjustment of leaf fanout to 64.
[    0.000000] 	RCU restricting CPUs from NR_CPUS=512 to nr_cpu_ids=2.
[    0.000000] RCU: Adjusting geometry for rcu_fanout_leaf=64, nr_cpu_ids=2
[    0.000000] NR_IRQS:33024 nr_irqs:440 16
[    0.000000] Console: colour VGA+ 80x25
[    0.000000] console [tty1] enabled
[    0.000000] console [ttyS0] enabled
[    0.000000] tsc: Detected 1992.002 MHz processor
[    0.109381] Calibrating delay loop (skipped) preset value.. 3984.00 BogoMIPS (lpj=7968008)
[    0.110440] pid_max: default: 32768 minimum: 301
[    0.111006] ACPI: Core revision 20150930
[    0.112088] ACPI: 2 ACPI AML tables successfully acquired and loaded
[    0.112869] Security Framework initialized
[    0.113400] Yama: becoming mindful.
[    0.113864] AppArmor: AppArmor initialized
[    0.114466] Dentry cache hash table entries: 131072 (order: 8, 1048576 bytes)
[    0.115533] Inode-cache hash table entries: 65536 (order: 7, 524288 bytes)
[    0.120726] Mount-cache hash table entries: 2048 (order: 2, 16384 bytes)
[    0.121617] Mountpoint-cache hash table entries: 2048 (order: 2, 16384 bytes)
[    0.122559] Initializing cgroup subsys io
[    0.123189] Initializing cgroup subsys memory
[    0.123810] Initializing cgroup subsys devices
[    0.124410] Initializing cgroup subsys freezer
[    0.125135] Initializing cgroup subsys net_cls
[    0.125760] Initializing cgroup subsys perf_event
[    0.126417] Initializing cgroup subsys net_prio
[    0.127094] Initializing cgroup subsys hugetlb
[    0.127720] Initializing cgroup subsys pids
[    0.129402] mce: CPU supports 0 MCE banks
[    0.130017] Last level iTLB entries: 4KB 64, 2MB 8, 4MB 8
[    0.130739] Last level dTLB entries: 4KB 64, 2MB 0, 4MB 0, 1GB 4
[    0.131579] Spectre V1 : Mitigation: usercopy/swapgs barriers and __user pointer sanitization
[    0.132699] Spectre V2 : Mitigation: Enhanced IBRS
[    0.133435] Spectre V2 : Spectre v2 / SpectreRSB mitigation: Filling RSB on context switch
[    0.134609] Speculative Store Bypass: Vulnerable
[    0.137227] Freeing SMP alternatives memory: 36K
[    0.142342] ftrace: allocating 32302 entries in 127 pages
[    0.176907] smpboot: APIC(0) Converting physical 0 to logical package 0
[    0.177733] smpboot: Max logical packages: 1
[    0.178499] x2apic enabled
[    0.179076] Switched APIC routing to physical x2apic.
[    0.180544] ..TIMER: vector=0x30 apic1=0 pin1=2 apic2=-1 pin2=-1
[    0.289409] smpboot: CPU0: Intel(R) Core(TM) i7-8565U CPU @ 1.80GHz (family: 0x6, model: 0x8e, stepping: 0xc)
[    0.290998] Performance Events: unsupported p6 CPU model 142 no PMU driver, software events only.
[    0.297720] KVM setup paravirtual spinlock
[    0.299168] x86: Booting SMP configuration:
[    0.299825] .... node  #0, CPUs:      #1
[    0.300569] kvm-clock: cpu 1, msr 0:3ffe3041, secondary cpu clock
[    0.302203] mce: CPU supports 0 MCE banks
[    0.304580] x86: Booted up 1 node, 2 CPUs
[    0.305340] smpboot: Total of 2 processors activated (7968.00 BogoMIPS)
[    0.306670] devtmpfs: initialized
[    0.308714] evm: security.selinux
[    0.309323] evm: security.SMACK64
[    0.309984] evm: security.SMACK64EXEC
[    0.310547] evm: security.SMACK64TRANSMUTE
[    0.311141] evm: security.SMACK64MMAP
[    0.311685] evm: security.ima
[    0.312204] evm: security.capability
[    0.312904] clocksource: jiffies: mask: 0xffffffff max_cycles: 0xffffffff, max_idle_ns: 7645041785100000 ns
[    0.314424] futex hash table entries: 512 (order: 3, 32768 bytes)
[    0.315328] pinctrl core: initialized pinctrl subsystem
[    0.316137] RTC time:  9:15:24, date: 01/16/20
[    0.320969] NET: Registered protocol family 16
[    0.335423] cpuidle: using governor ladder
[    0.349129] cpuidle: using governor menu
[    0.349848] PCCT header not found.
[    0.350502] ACPI: bus type PCI registered
[    0.351145] acpiphp: ACPI Hot Plug PCI Controller Driver version: 0.5
[    0.352066] PCI: Using configuration type 1 for base access
[    0.364466] ACPI: Added _OSI(Module Device)
[    0.365238] ACPI: Added _OSI(Processor Device)
[    0.365877] ACPI: Added _OSI(3.0 _SCP Extensions)
[    0.366476] ACPI: Added _OSI(Processor Aggregator Device)
[    0.367559] ACPI: Executed 1 blocks of module-level executable AML code
[    0.369630] ACPI: Interpreter enabled
[    0.370119] ACPI: (supports S0 S5)
[    0.370574] ACPI: Using IOAPIC for interrupt routing
[    0.371253] PCI: Using host bridge windows from ACPI; if necessary, use "pci=nocrs" and report a bug
[    0.374474] ACPI: PCI Root Bridge [PCI0] (domain 0000 [bus 00-ff])
[    0.375170] acpi PNP0A03:00: _OSC: OS supports [ASPM ClockPM Segments MSI]
[    0.376132] acpi PNP0A03:00: _OSC: not requesting OS control; OS requires [ExtendedConfig ASPM ClockPM MSI]
[    0.377489] acpi PNP0A03:00: fail to add MMCONFIG information, can't access extended PCI configuration space under this bridge.
[    0.379063] PCI host bridge to bus 0000:00
[    0.379579] pci_bus 0000:00: root bus resource [io  0x0000-0x0cf7 window]
[    0.380355] pci_bus 0000:00: root bus resource [io  0x0d00-0xffff window]
[    0.381107] pci_bus 0000:00: root bus resource [mem 0x000a0000-0x000bffff window]
[    0.382093] pci_bus 0000:00: root bus resource [mem 0x40000000-0xfdffffff window]
[    0.383115] pci_bus 0000:00: root bus resource [bus 00-ff]
[    0.384786] pci 0000:00:01.1: legacy IDE quirk: reg 0x10: [io  0x01f0-0x01f7]
[    0.385605] pci 0000:00:01.1: legacy IDE quirk: reg 0x14: [io  0x03f6]
[    0.386416] pci 0000:00:01.1: legacy IDE quirk: reg 0x18: [io  0x0170-0x0177]
[    0.387187] pci 0000:00:01.1: legacy IDE quirk: reg 0x1c: [io  0x0376]
[    0.396629] pci 0000:00:07.0: quirk: [io  0x4000-0x403f] claimed by PIIX4 ACPI
[    0.404633] pci 0000:00:07.0: quirk: [io  0x4100-0x410f] claimed by PIIX4 SMB
[    0.410960] ACPI: PCI Interrupt Link [LNKA] (IRQs 5 9 10 *11)
[    0.412308] ACPI: PCI Interrupt Link [LNKB] (IRQs 5 9 *10 11)
[    0.413535] ACPI: PCI Interrupt Link [LNKC] (IRQs 5 *9 10 11)
[    0.414765] ACPI: PCI Interrupt Link [LNKD] (IRQs 5 9 10 *11)
[    0.416073] ACPI: Enabled 2 GPEs in block 00 to 07
[    0.417133] vgaarb: setting as boot device: PCI:0000:00:02.0
[    0.417917] vgaarb: device added: PCI:0000:00:02.0,decodes=io+mem,owns=io+mem,locks=none
[    0.419174] vgaarb: loaded
[    0.419739] vgaarb: bridge control possible 0000:00:02.0
[    0.420553] SCSI subsystem initialized
[    0.421250] ACPI: bus type USB registered
[    0.421906] usbcore: registered new interface driver usbfs
[    0.422622] usbcore: registered new interface driver hub
[    0.423398] usbcore: registered new device driver usb
[    0.424312] PCI: Using ACPI for IRQ routing
[    0.425223] NetLabel: Initializing
[    0.425827] NetLabel:  domain hash size = 128
[    0.426412] NetLabel:  protocols = UNLABELED CIPSOv4
[    0.427074] NetLabel:  unlabeled traffic allowed by default
[    0.427929] amd_nb: Cannot enumerate AMD northbridges
[    0.428635] clocksource: Switched to clocksource kvm-clock
[    0.442184] AppArmor: AppArmor Filesystem Enabled
[    0.442882] pnp: PnP ACPI init
[    0.443950] pnp: PnP ACPI: found 3 devices
[    0.452957] clocksource: acpi_pm: mask: 0xffffff max_cycles: 0xffffff, max_idle_ns: 2085701024 ns
[    0.454111] NET: Registered protocol family 2
[    0.454810] TCP established hash table entries: 8192 (order: 4, 65536 bytes)
[    0.455765] TCP bind hash table entries: 8192 (order: 5, 131072 bytes)
[    0.456640] TCP: Hash tables configured (established 8192 bind 8192)
[    0.457510] UDP hash table entries: 512 (order: 2, 16384 bytes)
[    0.458272] UDP-Lite hash table entries: 512 (order: 2, 16384 bytes)
[    0.459120] NET: Registered protocol family 1
[    0.459761] pci 0000:00:00.0: Limiting direct PCI/PCI transfers
[    0.460500] pci 0000:00:01.0: Activating ISA DMA hang workarounds
[    0.465934] Unpacking initramfs...
[    0.722467] Freeing initrd memory: 14840K
[    0.723292] clocksource: tsc: mask: 0xffffffffffffffff max_cycles: 0x396d566cf43, max_idle_ns: 881590760263 ns
[    0.724806] platform rtc_cmos: registered platform RTC device (no PNP device found)
[    0.725940] Scanning for low memory corruption every 60 seconds
[    0.727218] audit: initializing netlink subsys (disabled)
[    0.728009] audit: type=2000 audit(1579166129.710:1): initialized
[    0.729032] Initialise system trusted keyring
[    0.730066] HugeTLB registered 2 MB page size, pre-allocated 0 pages
[    0.732407] zbud: loaded
[    0.733149] VFS: Disk quotas dquot_6.6.0
[    0.733769] VFS: Dquot-cache hash table entries: 512 (order 0, 4096 bytes)
[    0.734763] squashfs: version 4.0 (2009/01/31) Phillip Lougher
[    0.735833] fuse init (API version 7.23)
[    0.736556] Key type big_key registered
[    0.737235] Allocating IMA MOK and blacklist keyrings.
[    0.745172] Key type asymmetric registered
[    0.745789] Asymmetric key parser 'x509' registered
[    0.746536] Block layer SCSI generic (bsg) driver version 0.4 loaded (major 249)
[    0.747636] io scheduler noop registered
[    0.748234] io scheduler deadline registered (default)
[    0.748998] io scheduler cfq registered
[    0.749622] pci_hotplug: PCI Hot Plug PCI Core version: 0.5
[    0.750321] pciehp: PCI Express Hot Plug Controller Driver version: 0.4
[    0.751236] ACPI: AC Adapter [AC] (on-line)
[    0.751910] input: Power Button as /devices/LNXSYSTM:00/LNXPWRBN:00/input/input0
[    0.753010] ACPI: Power Button [PWRF]
[    0.753603] input: Sleep Button as /devices/LNXSYSTM:00/LNXSLPBN:00/input/input1
[    0.754612] ACPI: Sleep Button [SLPF]
[    0.755291] GHES: HEST is not enabled!
[    0.755736] ACPI: Battery Slot [BAT0] (battery present)
[    0.756751] Serial: 8250/16550 driver, 32 ports, IRQ sharing enabled
[    0.777933] 00:02: ttyS0 at I/O 0x3f8 (irq = 4, base_baud = 115200) is a 16550A
[    0.781063] Linux agpgart interface v0.103
[    0.782578] loop: module loaded
[    0.783377] scsi host0: ata_piix
[    0.783950] scsi host1: ata_piix
[    0.784496] ata1: PATA max UDMA/33 cmd 0x1f0 ctl 0x3f6 bmdma 0xd000 irq 14
[    0.785341] ata2: PATA max UDMA/33 cmd 0x170 ctl 0x376 bmdma 0xd008 irq 15
[    0.786228] libphy: Fixed MDIO Bus: probed
[    0.786835] tun: Universal TUN/TAP device driver, 1.6
[    0.787487] tun: (C) 1999-2004 Max Krasnyansky <maxk@qualcomm.com>
[    0.788312] PPP generic driver version 2.4.2
[    0.789143] ehci_hcd: USB 2.0 'Enhanced' Host Controller (EHCI) Driver
[    0.790051] ehci-pci: EHCI PCI platform driver
[    0.790678] ehci-platform: EHCI generic platform driver
[    0.791351] ohci_hcd: USB 1.1 'Open' Host Controller (OHCI) Driver
[    0.792109] ohci-pci: OHCI PCI platform driver
[    0.792736] ohci-platform: OHCI generic platform driver
[    0.793468] uhci_hcd: USB Universal Host Controller Interface driver
[    0.794275] i8042: PNP: PS/2 Controller [PNP0303:PS2K,PNP0f03:PS2M] at 0x60,0x64 irq 1,12
[    0.795677] serio: i8042 KBD port at 0x60,0x64 irq 1
[    0.796351] serio: i8042 AUX port at 0x60,0x64 irq 12
[    0.797294] mousedev: PS/2 mouse device common for all mice
[    0.798268] input: AT Translated Set 2 keyboard as /devices/platform/i8042/serio0/input/input2
[    0.799765] rtc_cmos rtc_cmos: rtc core: registered rtc_cmos as rtc0
[    0.800616] rtc_cmos rtc_cmos: alarms up to one day, 114 bytes nvram
[    0.801529] i2c /dev entries driver
[    0.802089] device-mapper: uevent: version 1.0.3
[    0.802790] device-mapper: ioctl: 4.34.0-ioctl (2015-10-28) initialised: dm-devel@redhat.com
[    0.803929] ledtrig-cpu: registered to indicate activity on CPUs
[    0.805041] NET: Registered protocol family 10
[    0.805878] NET: Registered protocol family 17
[    0.806541] Key type dns_resolver registered
[    0.807451] registered taskstats version 1
[    0.808064] Loading compiled-in X.509 certificates
[    0.809145] Loaded X.509 cert 'Build time autogenerated kernel key: f0e56e97f406068ace47a9bf54316e9855aaaa43'
[    0.810811] zswap: loaded using pool lzo/zbud
[    0.812538] Key type trusted registered
[    0.818587] Key type encrypted registered
[    0.819151] AppArmor: AppArmor sha1 policy hashing enabled
[    0.819906] ima: No TPM chip found, activating TPM-bypass!
[    0.820607] ima: Allocated hash algorithm: sha1
[    0.821368] evm: HMAC attrs: 0x1
[    0.822405]   Magic number: 4:842:272
[    0.823110] rtc_cmos rtc_cmos: setting system clock to 2020-01-16 09:15:25 UTC (1579166125)
[    0.824459] BIOS EDD facility v0.16 2004-Jun-25, 0 devices found
[    0.825312] EDD information not available.
[    0.945925] Freeing unused kernel memory: 1488K
[    0.949027] Write protecting the kernel read-only data: 14336k
[    0.952664] Freeing unused kernel memory: 1604K
[    0.953708] Freeing unused kernel memory: 60K
Loading, please wait...
starting version 229
[    0.963389] random: systemd-udevd: uninitialized urandom read (16 bytes read, 1 bits of entropy available)
[    0.964848] random: systemd-udevd: uninitialized urandom read (16 bytes read, 1 bits of entropy available)
[    0.966355] random: systemd-udevd: uninitialized urandom read (16 bytes read, 1 bits of entropy available)
[    0.967724] random: systemd-udevd: uninitialized urandom read (16 bytes read, 1 bits of entropy available)
[    0.969894] random: udevadm: uninitialized urandom read (16 bytes read, 1 bits of entropy available)
[    0.971301] random: udevadm: uninitialized urandom read (16 bytes read, 1 bits of entropy available)
[    0.975177] random: systemd-udevd: uninitialized urandom read (16 bytes read, 1 bits of entropy available)
[    0.976844] random: udevadm: uninitialized urandom read (16 bytes read, 1 bits of entropy available)
[    0.976866] random: udevadm: uninitialized urandom read (16 bytes read, 1 bits of entropy available)
[    0.976929] random: udevadm: uninitialized urandom read (16 bytes read, 1 bits of entropy available)
[    0.998699] Fusion MPT base driver 3.04.20
[    0.999383] Copyright (c) 1999-2008 LSI Corporation
[    1.000264] e1000: Intel(R) PRO/1000 Network Driver - version 7.3.21-k8-NAPI
[    1.001522] e1000: Copyright (c) 1999-2006 Intel Corporation.
[    1.004046] Fusion MPT SPI Host driver 3.04.20
[    1.017396] AVX2 version of gcm_enc/dec engaged.
[    1.018153] AES CTR mode by8 optimization enabled
[    1.210971] input: ImExPS/2 Generic Explorer Mouse as /devices/platform/i8042/serio1/input/input4
[    1.343150] e1000 0000:00:03.0 eth0: (PCI:33MHz:32-bit) 02:4f:25:6a:cc:77
[    1.344100] e1000 0000:00:03.0 eth0: Intel(R) PRO/1000 Network Connection
[    1.732419] e1000 0000:00:08.0 eth1: (PCI:33MHz:32-bit) 08:00:27:b7:a5:1c
[    1.733837] e1000 0000:00:08.0 eth1: Intel(R) PRO/1000 Network Connection
[    1.735632] e1000 0000:00:08.0 enp0s8: renamed from eth1
[    1.737192] mptbase: ioc0: Initiating bringup
[    1.748993] e1000 0000:00:03.0 enp0s3: renamed from eth0
[    1.809868] ioc0: LSI53C1030 A0: Capabilities={Initiator}
[    1.982815] scsi host2: ioc0: LSI53C1030 A0, FwRev=00000000h, Ports=1, MaxQ=256, IRQ=20
[    2.102006] scsi 2:0:0:0: Direct-Access     VBOX     HARDDISK         1.0  PQ: 0 ANSI: 5
[    2.108117] scsi target2:0:0: Beginning Domain Validation
[    2.120152] scsi target2:0:0: Domain Validation skipping write tests
[    2.124195] scsi target2:0:0: Ending Domain Validation
[    2.126374] scsi target2:0:0: asynchronous
[    2.127816] scsi 2:0:1:0: Direct-Access     VBOX     HARDDISK         1.0  PQ: 0 ANSI: 5
[    2.128964] scsi target2:0:1: Beginning Domain Validation
[    2.152107] scsi target2:0:1: Domain Validation skipping write tests
[    2.159536] scsi target2:0:1: Ending Domain Validation
[    2.160422] scsi target2:0:1: asynchronous
[    2.165735] sd 2:0:0:0: Attached scsi generic sg0 type 0
[    2.166527] sd 2:0:0:0: [sda] 20971520 512-byte logical blocks: (10.7 GB/10.0 GiB)
[    2.167854] sd 2:0:1:0: Attached scsi generic sg1 type 0
[    2.168575] sd 2:0:1:0: [sdb] 20480 512-byte logical blocks: (10.5 MB/10.0 MiB)
[    2.169939] sd 2:0:0:0: [sda] Write Protect is off
[    2.169964] sd 2:0:1:0: [sdb] Write Protect is off
[    2.171447] sd 2:0:1:0: [sdb] Incomplete mode parameter data
[    2.171469] sd 2:0:0:0: [sda] Incomplete mode parameter data
[    2.171470] sd 2:0:0:0: [sda] Assuming drive cache: write through
[    2.173862] sd 2:0:1:0: [sdb] Assuming drive cache: write through
[    2.175264]  sda: sda1
[    2.176304] sd 2:0:0:0: [sda] Attached SCSI disk
[    2.177191] sd 2:0:1:0: [sdb] Attached SCSI disk
Begin: Loading essential drivers ... [    3.440472] md: linear personality registered for level -1
[    3.442685] md: multipath personality registered for level -4
[    3.444810] md: raid0 personality registered for level 0
[    3.447650] md: raid1 personality registered for level 1
[    3.516820] raid6: sse2x1   gen()  8475 MB/s
[    3.585137] raid6: sse2x1   xor()  9137 MB/s
[    3.652746] raid6: sse2x2   gen() 18303 MB/s
[    3.720837] raid6: sse2x2   xor() 12463 MB/s
[    3.789159] raid6: sse2x4   gen() 20313 MB/s
[    3.857014] raid6: sse2x4   xor() 12551 MB/s
[    3.924861] raid6: avx2x1   gen() 26633 MB/s
[    3.993151] raid6: avx2x2   gen() 34040 MB/s
[    4.061037] raid6: avx2x4   gen() 38113 MB/s
[    4.061707] raid6: using algorithm avx2x4 gen() 38113 MB/s
[    4.062470] raid6: using avx2x2 recovery algorithm
[    4.064069] xor: automatically using best checksumming function:
[    4.105352]    avx       : 30385.000 MB/sec
[    4.106651] async_tx: api initialized (async)
[    4.113573] md: raid6 personality registered for level 6
[    4.114397] md: raid5 personality registered for level 5
[    4.115099] md: raid4 personality registered for level 4
[    4.119736] md: raid10 personality registered for level 10
done.
Begin: Running /scripts/init-premount ... done.
Begin: Mounting root file system ... Begin: Running /scripts/local-top ... done.
Begin: Running /scripts/local-premount ... [    4.139534] Btrfs loaded
Scanning for Btrfs filesystems
done.
Warning: fsck not present, so skipping root file system
[    4.167637] EXT4-fs (sda1): mounted filesystem with ordered data mode. Opts: (null)
done.
Begin: Running /scripts/local-bottom ... done.
Begin: Running /scripts/init-bottom ... done.
[    4.228617] systemd[1]: systemd 229 running in system mode. (+PAM +AUDIT +SELINUX +IMA +APPARMOR +SMACK +SYSVINIT +UTMP +LIBCRYPTSETUP +GCRYPT +GNUTLS +ACL +XZ -LZ4 +SECCOMP +BLKID +ELFUTILS +KMOD -IDN)
[    4.230767] systemd[1]: Detected virtualization oracle.
[    4.231424] systemd[1]: Detected architecture x86-64.

Welcome to [1mUbuntu 16.04.6 LTS[0m!

[    4.233780] systemd[1]: Set hostname to <ubuntu>.
[    4.236627] systemd[1]: Initializing machine ID from random generator.
[    4.237478] systemd[1]: Installed transient /etc/machine-id file.
[    4.345700] systemd[1]: Reached target Encrypted Volumes.
[[0;32m  OK  [0m] Reached target Encrypted Volumes.
[    4.347453] systemd[1]: Listening on udev Kernel Socket.
[[0;32m  OK  [0m] Listening on udev Kernel Socket.
[    4.348895] systemd[1]: Listening on Device-mapper event daemon FIFOs.
[[0;32m  OK  [0m] Listening on Device-mapper event daemon FIFOs.
[    4.357202] systemd[1]: Listening on /dev/initctl Compatibility Named Pipe.
[[0;32m  OK  [0m] Listening on /dev/initctl Compatibility Named Pipe.
[    4.364947] systemd[1]: Listening on LVM2 poll daemon socket.
[[0;32m  OK  [0m] Listening on LVM2 poll daemon socket.
[    4.373133] systemd[1]: Listening on udev Control Socket.
[[0;32m  OK  [0m] Listening on udev Control Socket.
[    4.380789] systemd[1]: Started Trigger resolvconf update for networkd DNS.
[[0;32m  OK  [0m] Started Trigger resolvconf update for networkd DNS.
[    4.389077] systemd[1]: Reached target User and Group Name Lookups.
[[0;32m  OK  [0m] Reached target User and Group Name Lookups.
[    4.396900] systemd[1]: Reached target System Time Synchronized.
[[0;32m  OK  [0m] Reached target System Time Synchronized.
[    4.405126] systemd[1]: Created slice System Slice.
[[0;32m  OK  [0m] Created slice System Slice.
[    4.413677] systemd[1]: Created slice system-serial\x2dgetty.slice.
[[0;32m  OK  [0m] Created slice system-serial\x2dgetty.slice.
[    4.421672] systemd[1]: Listening on LVM2 metadata daemon socket.
[[0;32m  OK  [0m] Listening on LVM2 metadata daemon socket.
[    4.423229] systemd[1]: Listening on Syslog Socket.
[[0;32m  OK  [0m] Listening on Syslog Socket.
[    4.429208] systemd[1]: Set up automount Arbitrary Executable File Formats File System Automount Point.
[[0;32m  OK  [0m] Set up automount Arbitrary Executab...ats File System Automount Point.
[    4.436870] systemd[1]: Reached target Swap.
[[0;32m  OK  [0m] Reached target Swap.
[    4.445808] systemd[1]: Listening on Journal Audit Socket.
[[0;32m  OK  [0m] Listening on Journal Audit Socket.
[    4.453755] systemd[1]: Created slice User and Session Slice.
[[0;32m  OK  [0m] Created slice User and Session Slice.
[    4.460798] systemd[1]: Reached target Slices.
[[0;32m  OK  [0m] Reached target Slices.
[    4.468892] systemd[1]: Started Forward Password Requests to Wall Directory Watch.
[[0;32m  OK  [0m] Started Forward Password Requests to Wall Directory Watch.
[    4.471400] systemd[1]: Listening on Journal Socket.
[[0;32m  OK  [0m] Listening on Journal Socket.
[    4.493432] systemd[1]: Starting Load Kernel Modules...
         Starting Load Kernel Modules...
[    4.501358] Loading iSCSI transport class v2.0-870.
[    4.501540] systemd[1]: Mounting Huge Pages File System...
         Mounting Huge Pages File System...
[    4.508063] iscsi: registered transport (tcp)
[    4.509435] systemd[1]: Mounting POSIX Message Queue File System...
         Mounting POSIX Message Queue File System...
[    4.511343] systemd[1]: Starting Nameserver information manager...
         Starting Nameserver information manager...
[    4.522395] systemd[1]: Starting Set console keymap...
         Starting Set console keymap...
[    4.533960] systemd[1]: Starting Create list of required static device nodes for the current kernel...
         Starting Create list of required st... nodes for the current kernel...
[    4.536664] systemd[1]: Starting Uncomplicated firewall...
         Starting Uncomplicated firewall...
[    4.540760] iscsi: registered transport (iser)
[    4.545284] systemd[1]: Starting Remount Root and Kernel File Systems...
         Starting Remount Root and Kernel File Systems...
[    4.547369] systemd[1]: Starting Monitoring of LVM2 mirrors, snapshots etc. using dmeventd or progress polling...
         Starting Monitoring of LVM2 mirrors... dmeventd or progress polling...
[    4.550990] systemd[1]: Mounting Debug File System...
         Mounting Debug File System...
[    4.552474] systemd[1]: Listening on Journal Socket (/dev/log).
[[0;32m  OK  [0m] Listening on Journal Socket (/dev/log).
[    4.561654] systemd[1]: Starting Journal Service...
[    4.562668] EXT4-fs (sda1): re-mounted. Opts: (null)
         Starting Journal Service...
[    4.565790] systemd[1]: Mounted Debug File System.
[[0;32m  OK  [0m] Mounted Debug File System.
[    4.574119] systemd[1]: Mounted Huge Pages File System.
[[0;32m  OK  [0m] Mounted Huge Pages File System.
[    4.575779] systemd[1]: Mounted POSIX Message Queue File System.
[[0;32m  OK  [0m] Mounted POSIX Message Queue File System.
[    4.585441] systemd[1]: Started Journal Service.
[[0;32m  OK  [0m] Started Journal Service.
[[0;32m  OK  [0m] Started Load Kernel Modules.
[[0;32m  OK  [0m] Started Set console keymap.
[[0;32m  OK  [0m] Started Create list of required sta...ce nodes for the current kernel.
[[0;32m  OK  [0m] Started Uncomplicated firewall.
[[0;32m  OK  [0m] Started Remount Root and Kernel File Systems.
[[0;32m  OK  [0m] Started Nameserver information manager.
[[0;32m  OK  [0m] Started LVM2 metadata daemon.
         Starting udev Coldplug all Devices...
         Starting Load/Save Random Seed...
         Starting Create Static Device Nodes in /dev...
         Starting Apply Kernel Variables...
         Mounting FUSE Control File System...
         Starting Flush Journal to Persistent Storage...
[[0;32m  OK  [0m] Mounted FUSE Control File System.
[[0;32m  OK  [0m] Started Load/Save Random Seed.
[[0;32m  OK  [0m] Started Create Static Device Nodes in /dev.
[[0;32m  OK  [0m] Started Apply Kernel Variables.
[[0;32m  OK  [0m] Started udev Coldplug all Devices.
[[0;32m  OK  [0m] Started Flush Journal to Persistent Storage.
         Starting udev Kernel Device Manager...
[[0;32m  OK  [0m] Started Monitoring of LVM2 mirrors,...ng dmeventd or progress polling.
[[0;32m  OK  [0m] Reached target Local File Systems (Pre).
[[0;32m  OK  [0m] Reached target Local File Systems.
         Starting Tell Plymouth To Write Out Runtime Data...
         Starting Commit a transient machine-id on disk...
         Starting Set console font and keymap...
         Starting LSB: AppArmor initialization...
         Starting Initial cloud-init job (pre-networking)...
         Starting Create Volatile Files and Directories...
[[0;32m  OK  [0m] Started udev Kernel Device Manager.
[[0;32m  OK  [0m] Started Tell Plymouth To Write Out Runtime Data.
[[0;32m  OK  [0m] Started Create Volatile Files and Directories.
         Starting Update UTMP about System Boot/Shutdown...
[[0;32m  OK  [0m] Started Dispatch Password Requests to Console Directory Watch.
[[0;32m  OK  [0m] Started Commit a transient machine-id on disk.
[[0;32m  OK  [0m] Started Update UTMP about System Boot/Shutdown.
[[0;32m  OK  [0m] Found device /dev/ttyS0.
[[0;32m  OK  [0m] Listening on Load/Save RF Kill Switch Status /dev/rfkill Watch.
[[0;32m  OK  [0m] Started LSB: AppArmor initialization.
[    5.948804] cloud-init[488]: Cloud-init v. 19.2-36-g059d049c-0ubuntu2~16.04.1 running 'init-local' at Thu, 16 Jan 2020 09:15:30 +0000. Up 5.64 seconds.
[[0;32m  OK  [0m] Started Initial cloud-init job (pre-networking).
[[0;32m  OK  [0m] Reached target Network (Pre).
         Starting Raise network interfaces...
[[0;32m  OK  [0m] Started Set console font and keymap.
[[0;32m  OK  [0m] Created slice system-getty.slice.
[[0;32m  OK  [0m] Started Raise network interfaces.
[[0;32m  OK  [0m] Reached target Network.
         Starting Initial cloud-init job (metadata service crawler)...
[    6.769974] cloud-init[958]: Cloud-init v. 19.2-36-g059d049c-0ubuntu2~16.04.1 running 'init' at Thu, 16 Jan 2020 09:15:31 +0000. Up 6.44 seconds.
[    6.771328] cloud-init[958]: ci-info: ++++++++++++++++++++++++++++++++++++++Net device info+++++++++++++++++++++++++++++++++++++++
[    6.781155] cloud-init[958]: ci-info: +--------+-------+----------------------------+---------------+--------+-------------------+
[    6.782181] cloud-init[958]: ci-info: | Device |   Up  |          Address           |      Mask     | Scope  |     Hw-Address    |
[    6.783236] cloud-init[958]: ci-info: +--------+-------+----------------------------+---------------+--------+-------------------+
[    6.784219] cloud-init[958]: ci-info: | enp0s3 |  True |         10.0.2.15          | 255.255.255.0 | global | 02:4f:25:6a:cc:77 |
[    6.792904] cloud-init[958]: ci-info: | enp0s3 |  True | fe80::4f:25ff:fe6a:cc77/64 |       .       |  link  | 02:4f:25:6a:cc:77 |
[    6.793860] cloud-init[958]: ci-info: | enp0s8 | False |             .              |       .       |   .    | 08:00:27:b7:a5:1c |
[    6.794921] cloud-init[958]: ci-info: |   lo   |  True |         127.0.0.1          |   255.0.0.0   |  host  |         .         |
[    6.800473] [cloud-init[0;32m  OK  [0m[958]: ] ci-info: |   lo   |  True |          ::1/128           |       .       |  host  |         .         |Started Initial cloud-init job (metadata service crawler).

[[0;32m  OK  [0m] Reached target Network is Online.
[    6.814322] cloud-init[958]: ci-info: +--------+-------+----------------------------+---------------+--------+-------------------+
[    6.821851] cloud-init[958]: ci-info: +++++++++++++++++++++++++++Route IPv4 info++++++++++++++++++++++++++++
[    6.828935] cloud-init[958]: ci-info: +-------+-------------+----------+---------------+-----------+-------+
[    6.832444] cloud-init[958]: ci-info: | Route | Destination | Gateway  |    Genmask    | Interface | Flags |
         Starting iSCSI initiator daemon (iscsid)...
[[0;32m  OK  [0m] Reached target System Initialization.
[    6.835535] cloud-init[958]: ci-info: +-------+-------------+----------+---------------+-----------+-------+
         [    6.841375] cloud-init[958]: ci-info: |   0   |   0.0.0.0   | 10.0.2.2 |    0.0.0.0    |   enp0s3  |   UG  |
[    6.842257] cloud-init[958]: ci-info: |   1   |   10.0.2.0  | 0.0.0.0  | 255.255.255.0 |   enp0s3  |   U   |
[    6.842626] cloud-init[958]: ci-info: +-------+-------------+----------+---------------+-----------+-------+
[    6.842700] cloud-init[958]: ci-info: +++++++++++++++++++Route IPv6 info+++++++++++++++++++
[    6.843130] cloud-init[958]: ci-info: +-------+-------------+---------+-----------+-------+
[    6.843260] cloud-init[958]: ci-info: | Route | Destination | Gateway | Interface | Flags |
[    6.843515] cloud-init[958]: ci-info: +-------+-------------+---------+-----------+-------+
Starting Socket activation for snappy daemon.
[[0;32m  OK  [0m] Listening on D-Bus System Message Bus Socket.
[[0;32m  OK  [0m] Started Message of the Day.
[    6.844194] cloud-init[958]: ci-info: |   0   |  fe80::/64  |    ::   |   enp0s3  |   U   |
[    6.859066] [cloud-init[0;32m  OK  [0m[958]: ] ci-info: |   3   |   ff00::/8  |    ::   |   enp0s3  |   U   |Started ACPI Events Check.

[[0;32m  OK  [0m] Reached target Paths.
[    6.860128] [[0;32m  OK  [0m] Started Daily apt download activities.
[cloud-init[0;32m  OK  [0m] Started Daily Cleanup of Temporary Directories.
[[0;32m  OK  [0m] Listening on ACPID Listen Socket.
[[0;32m  OK  [0m] Listening on UUID daemon activation socket.
[[0;32m  OK  [0m] Started Daily apt upgrade and clean activities.
[[0;32m  OK  [0m] Reached target Timers.
[958]: ci-info: +-------+-------------+---------+-----------+-------+         Starting LXD - unix socket.
[[0;32m  OK  [0m] Reached target Cloud-config availability.

[    6.864219] cloud-init[958]: Generating public/private rsa key pair.
[    6.864922] cloud-init[958]: Your identification has been saved in /etc/ssh/ssh_host_rsa_key.
[    6.865715] cloud-init[958]: Your public key has been saved in /etc/ssh/ssh_host_rsa_key.pub.
[    6.866457] cloud-init[958]: The key fingerprint is:
[    6.867045] cloud-init[958]: SHA256:Qxb/M4ccDEEjtbnCmkvLYEjOCvDahL606rYsrLO/8BA root@ubuntu-xenial
[    6.867870] cloud-init[958]: The key's randomart image is:
[    6.868500] cloud-init[958]: +---[RSA 2048]----+
[    6.869075] cloud-init[958]: |        oo*.     |
[    6.869714] cloud-init[958]: |         + *     |
[    6.870258] cloud-init[958]: |        o + o    |
[    6.870889] cloud-init[958]: |       +   + o   |
[    6.871426] cloud-init[958]: |E .     S . * .  |
[    6.872000] cloud-init[958]: |.B .   o o   +   |
[    6.872591] cloud-init[958]: |*.* o +          |
[    6.873133] cloud-init[958]: |B@.. + o         |
[    6.873706] cloud-init[958]: |%@B.  +          |
[    6.874243] cloud-init[958]: +----[SHA256]-----+
[    6.874825] cloud-init[958]: Generating public/private dsa key pair.
[    6.875503] cloud-init[958]: Your identification has been saved in /etc/ssh/ssh_host_dsa_key.
[[0;32m  OK  [0m] Listening on Socket activation for snappy daemon.
[    6.876641] [[0;32m  OK  [0m] Listening on LXD - unix socket.
cloud-init[958]: Your public key has been saved in /etc/ssh/ssh_host_dsa_key.pub.
[    6.878647] cloud-init[958]: The key fingerprint is:
[    6.879516] cloud-init[958]: SHA256:vCUX6c+Gtg6T889k7AciSnPXW2eSuix2SUiqIm82ptc root@ubuntu-xenial
[    6.880697] cloud-init[958]: The key's randomart image is:
[    6.881845] cloud-init[958]: +---[DSA 1024]----+
[    6.889489] [[0;32m  OK  [0m] Started iSCSI initiator daemon (iscsid).
cloud-init[958]: |                 |
[    6.896987]          Starting Login to default iSCSI targets...
[[0;32m  OK  [0m] Reached target Sockets.
[[0;32m  OK  [0m] Reached target Basic System.
cloud-init[958]: |           .     |
[    6.904747] [[0;32m  OK  [0m] Started Deferred execution scheduler.
cloud-init         Starting Accounts Service...
[958]: |          o      |
         Starting Snappy daemon...
         Starting /etc/rc.local Compatibility...
[[0;32m  OK  [0m] Started D-Bus System Message Bus.
[    6.907368] cloud-init[958]: |       . ...     |
[    6.914481] cloud-init[958]: |        So+o   . |
[    6.915683] cloud-init[958]: |      o +*+=+ + o|
[    6.916560] cloud-init[958]: |     o =*oooB* + |
[    6.917406] cloud-init[958]: |  . B E  *oO= .  |
[    6.918258] cloud-init[958]: |  .O.o   o++*o   |
[    6.919047] cloud-init[958]: +----[SHA256]-----+
[    6.919872] cloud-init[958]: Generating public/private ecdsa key pair.
[    6.920994] cloud-init[958]: Your identification has been saved in /etc/ssh/ssh_host_ecdsa_key.
[    6.922108] cloud-init[958]: Your public key has been saved in /etc/ssh/ssh_host_ecdsa_key.pub.
[    6.923982] cloud-init[958]: The key fingerprint is:
[    6.924950] cloud-init[958]: SHA256:ktVB9v6rxzu5XuuZ0gUWHErux0sNlTe3Bp7ci4NntZc root@ubuntu-xenial
[    6.926236] cloud-init[958]: The key's randomart image is:
[    6.927045] cloud-init[958]: +---[ECDSA 256]---+
[    6.927938] cloud-init[958]: |         .+ ....o|
[    6.928746] cloud-init[958]: |         o = oo+o|
[    6.929964] cloud-init[958]: |        . . * =.=|
[    6.930695] cloud-init[958]: |       o   o =oB |
[    6.931671] cloud-init[958]: |      o S   +.B.=|
[    6.932641] cloud-init[958]: |       .   . O Eo|
[    6.933403] cloud-init[958]: |            o.=.+|
[    6.934230] cloud-init[958]: |             .=++|
[    6.935373] cloud-init[958]: |            .+BO |
[    6.936167] cloud-init[958]: +----[SHA256]-----+
[    6.937365] cloud-init[958]: Generating public/private ed25519 key pair.
[    6.938630] cloud-init[958]: Your identification has been saved in /etc/ssh/ssh_host_ed25519_key.
[    6.939855] cloud-init[958]: Your public key has been saved in /etc/ssh/ssh_host_ed25519_key.pub.
[    6.940948] cloud-init[958]: The key fingerprint is:
[    6.941768] cloud-init[958]: SHA256:ZySnHLv2xLkBnCu7LgQAv9tGWuv/4LB3/4Pg413M6A8 root@ubuntu-xenial
[    6.942914] cloud-init[958]: The key's randomart image is:
[    6.943783] cloud-init[958]: +--[ED25519 256]--+
[    6.944696] cloud-init[958]: |o                |
[    6.945737] cloud-init[958]: |..               |
[    6.946821] cloud-init[958]: | ..     o o      |
[    6.947531] cloud-init[958]: |  ..   o O       |
[    6.948552] cloud-init[958]: |  ..o   S o      |
[    6.949506] cloud-init[958]: |   *..  .B =     |
[    6.950204] cloud-init[958]: |  o.= o.+.E.+    |
[    6.951048] cloud-init[958]: |   o.+.=+=.=.    |
[    6.951752] cloud-init[958]: |    o=*=oo*oo.   |
[    6.952822] cloud-init[958]: +----[SHA256]-----+
         Starting Login Service...
         Starting LSB: Record successful boot for GRUB...
[[0;32m  OK  [0m] Started ACPI event daemon.
         Starting Pollinate to seed the pseudo random number generator...
         Starting LSB: MD monitoring daemon...
         Starting LXD - container startup/shutdown...
[[0;32m  OK  [0m] Started FUSE filesystem for LXC.
         Starting System Logging Service...
         Starting Virtualbox guest utils...
[[0;32m  OK  [0m] Started Regular background program processing daemon.
[[0;32m  OK  [0m] Started /etc/rc.local Compatibility.
[[0;32m  OK  [0m] Started Login to default iSCSI targets.
         Starting Authenticate and Authorize Users to Run Privileged Tasks...
[[0;32m  OK  [0m] Reached target Remote File Systems (Pre).
[[0;32m  OK  [0m] Reached target Remote File Systems.
         Starting LSB: automatic crash report generation...
         Starting LSB: daemon to balance interrupts for SMP systems...
         Starting LSB: Set the CPU Frequency Scaling governor to "ondemand"...
         Starting Permit User Sessions...
[[0;32m  OK  [0m] Started System Logging Service.
[[0;32m  OK  [0m] Started LSB: Record successful boot for GRUB.
[[0;32m  OK  [0m] Started LSB: MD monitoring daemon.
[[0;32m  OK  [0m] Started Permit User Sessions.
[[0;32m  OK  [0m] Started Login Service.
[[0;32m  OK  [0m] Started Authenticate and Authorize Users to Run Privileged Tasks.
[[0;32m  OK  [0m] Started LSB: daemon to balance interrupts for SMP systems.
[[0;32m  OK  [0m] Started Accounts Service.
[[0;32m  OK  [0m] Started Unattended Upgrades Shutdown.
         Starting Terminate Plymouth Boot Screen...
         Starting Hold until boot process finishes up...
[[0;32m  OK  [0m] Started LSB: automatic crash report generation.
[[0;32m  OK  [0m] Started LSB: Set the CPU Frequency Scaling governor to "ondemand".
[[0;32m  OK  [0m] Started Terminate Plymouth Boot Screen.
[[0;32m  OK  [0m] Started Hold until boot process finishes up.
[[0;32m  OK  [0m] Started Serial Getty on ttyS0.
         Starting Set console scheme...
[[0;32m  OK  [0m] Started Getty on tty1.
[[0;32m  OK  [0m] Reached target Login Prompts.
[[0;32m  OK  [0m] Started Set console scheme.
[[0;32m  OK  [0m] Started Virtualbox guest utils.
[[0;32m  OK  [0m] Started LXD - container startup/shutdown.
[[0;32m  OK  [0m] Started Snappy daemon.
         Starting Wait until snapd is fully seeded...
[[0;32m  OK  [0m] Started Pollinate to seed the pseudo random number generator.
         Starting OpenBSD Secure Shell server...
[[0;32m  OK  [0m] Started OpenBSD Secure Shell server.
[[0;32m  OK  [0m] Started Wait until snapd is fully seeded.
         Starting Apply the settings specified in cloud-config...
[[0;32m  OK  [0m] Reached target Multi-User System.
[[0;32m  OK  [0m] Reached target Graphical Interface.
         Starting Update UTMP about System Runlevel Changes...
[[0;32m  OK  [0m] Started Update UTMP about System Runlevel Changes.
[    8.081226] cloud-init[1317]: Generating locales (this might take a while)...
[    8.656235] cloud-init[1317]:   en_US.UTF-8... done
[    8.668420] cloud-init[1317]: Generation complete.
[    8.863985] cloud-init[1317]: Cloud-init v. 19.2-36-g059d049c-0ubuntu2~16.04.1 running 'modules:config' at Thu, 16 Jan 2020 09:15:32 +0000. Up 8.02 seconds.
[[0;32m  OK  [0m] Started Apply the settings specified in cloud-config.
         Starting Execute cloud user/final scripts...
ci-info: no authorized ssh keys fingerprints found for user ubuntu.
<14>Jan 16 09:15:33 ec2: 
<14>Jan 16 09:15:33 ec2: #############################################################
<14>Jan 16 09:15:33 ec2: -----BEGIN SSH HOST KEY FINGERPRINTS-----
<14>Jan 16 09:15:33 ec2: 1024 SHA256:vCUX6c+Gtg6T889k7AciSnPXW2eSuix2SUiqIm82ptc root@ubuntu-xenial (DSA)
<14>Jan 16 09:15:33 ec2: 256 SHA256:ktVB9v6rxzu5XuuZ0gUWHErux0sNlTe3Bp7ci4NntZc root@ubuntu-xenial (ECDSA)
<14>Jan 16 09:15:33 ec2: 256 SHA256:ZySnHLv2xLkBnCu7LgQAv9tGWuv/4LB3/4Pg413M6A8 root@ubuntu-xenial (ED25519)
<14>Jan 16 09:15:33 ec2: 2048 SHA256:Qxb/M4ccDEEjtbnCmkvLYEjOCvDahL606rYsrLO/8BA root@ubuntu-xenial (RSA)
<14>Jan 16 09:15:33 ec2: -----END SSH HOST KEY FINGERPRINTS-----
<14>Jan 16 09:15:33 ec2: #############################################################
-----BEGIN SSH HOST KEY KEYS-----
ecdsa-sha2-nistp256 AAAAE2VjZHNhLXNoYTItbmlzdHAyNTYAAAAIbmlzdHAyNTYAAABBBH9rSDCSA4zjMj2jGhygaY3vyxB40Cr8MJmONNDfq0BLMuHcNqwd8yQG7vDvgHENAM2aewSNyNQyO8vBqXKeLfg= root@ubuntu-xenial
ssh-ed25519 AAAAC3NzaC1lZDI1NTE5AAAAIL62aIwI0t/YWBsWw71eVrGjc0ufY3XJmEOmt93JGfgz root@ubuntu-xenial
ssh-rsa AAAAB3NzaC1yc2EAAAADAQABAAABAQC8bP3n4jpp5+7kzLhXMUbzff/JaL2c1pIq8hcwDHq84LGVnrGIP/h4/OP32xuZflf3bXj1spVpySQkQ+iwTvT18qoq/uzGSqfWU6fEveuoVm08lmctDaNnma27Jo0xbTAppynQmzkdermdHbH/uZNZbAOMgp6gFqam/8ye0D+31sGl1+Q4kxNqirOvIahLunuXVKDpjKW8QdK1CDlkLG73x9e7UAGQtJTWYDIEwyo0EJwhtki6Ga3m070M4SUIO6UwSu07ZENNDo6yIpyOLACac3OeDdlN4Ep8v9LGiwo5+6W7O7PaPhoDoctH4MM1oi2Y1iYXmja13Lmd0ijGj70D root@ubuntu-xenial
-----END SSH HOST KEY KEYS-----
[    9.138942] cloud-init[1361]: Cloud-init v. 19.2-36-g059d049c-0ubuntu2~16.04.1 running 'modules:final' at Thu, 16 Jan 2020 09:15:33 +0000. Up 9.06 seconds.
[    9.139995] cloud-init[1361]: ci-info: no authorized ssh keys fingerprints found for user ubuntu.
[    9.140923] cloud-init[1361]: Cloud-init v. 19.2-36-g059d049c-0ubuntu2~16.04.1 finished at Thu, 16 Jan 2020 09:15:33 +0000. Datasource DataSourceNoCloud [seed=/dev/sdb][dsmode=net].  Up 9.13 seconds
[[0;32m  OK  [0m] Started Execute cloud user/final scripts.
[[0;32m  OK  [0m] Reached target Cloud-init target.

Ubuntu 16.04.6 LTS ubuntu-xenial ttyS0

ubuntu-xenial login: [ 1840.759107] e1000 0000:00:03.0 enp0s3: Detected Tx Unit Hang
[ 1840.759107]   Tx Queue             <0>
[ 1840.759107]   TDH                  <a9>
[ 1840.759107]   TDT                  <ab>
[ 1840.759107]   next_to_use          <ab>
[ 1840.759107]   next_to_clean        <a9>
[ 1840.759107] buffer_info[next_to_clean]
[ 1840.759107]   time_stamp           <10005dfd5>
[ 1840.759107]   next_to_watch        <aa>
[ 1840.759107]   jiffies              <10005e165>
[ 1840.759107]   next_to_watch.status <0>
[ 1842.760984] e1000 0000:00:03.0 enp0s3: Detected Tx Unit Hang
[ 1842.760984]   Tx Queue             <0>
[ 1842.760984]   TDH                  <a9>
[ 1842.760984]   TDT                  <ab>
[ 1842.760984]   next_to_use          <ab>
[ 1842.760984]   next_to_clean        <a9>
[ 1842.760984] buffer_info[next_to_clean]
[ 1842.760984]   time_stamp           <10005dfd5>
[ 1842.760984]   next_to_watch        <aa>
[ 1842.760984]   jiffies              <10005e35a>
[ 1842.760984]   next_to_watch.status <0>
[ 1844.765525] e1000 0000:00:03.0 enp0s3: Detected Tx Unit Hang
[ 1844.765525]   Tx Queue             <0>
[ 1844.765525]   TDH                  <a9>
[ 1844.765525]   TDT                  <ab>
[ 1844.765525]   next_to_use          <ab>
[ 1844.765525]   next_to_clean        <a9>
[ 1844.765525] buffer_info[next_to_clean]
[ 1844.765525]   time_stamp           <10005dfd5>
[ 1844.765525]   next_to_watch        <aa>
[ 1844.765525]   jiffies              <10005e54f>
[ 1844.765525]   next_to_watch.status <0>
[ 1846.063446] e1000 0000:00:03.0 enp0s3: Reset adapter
