[    0.000000] Initializing cgroup subsys cpuset
[    0.000000] Initializing cgroup subsys cpu
[    0.000000] Initializing cgroup subsys cpuacct
[    0.000000] Linux version 4.4.0-170-generic (buildd@lcy01-amd64-019) (gcc version 5.4.0 20160609 (Ubuntu 5.4.0-6ubuntu1~16.04.12) ) #199-Ubuntu SMP Thu Nov 14 01:45:04 UTC 2019 (Ubuntu 4.4.0-170.199-generic 4.4.200)
[    0.000000] Command line: BOOT_IMAGE=/boot/vmlinuz-4.4.0-170-generic root=LABEL=cloudimg-rootfs ro console=tty1 console=ttyS0
[    0.000000] KERNEL supported cpus:
[    0.000000]   Intel GenuineIntel
[    0.000000]   AMD AuthenticAMD
[    0.000000]   Centaur CentaurHauls
[    0.000000] x86/fpu: xstate_offset[2]:  576, xstate_sizes[2]:  256
[    0.000000] x86/fpu: Supporting XSAVE feature 0x01: 'x87 floating point registers'
[    0.000000] x86/fpu: Supporting XSAVE feature 0x02: 'SSE registers'
[    0.000000] x86/fpu: Supporting XSAVE feature 0x04: 'AVX registers'
[    0.000000] x86/fpu: Enabled xstate features 0x7, context size is 832 bytes, using 'standard' format.
[    0.000000] e820: BIOS-provided physical RAM map:
[    0.000000] BIOS-e820: [mem 0x0000000000000000-0x000000000009fbff] usable
[    0.000000] BIOS-e820: [mem 0x000000000009fc00-0x000000000009ffff] reserved
[    0.000000] BIOS-e820: [mem 0x00000000000f0000-0x00000000000fffff] reserved
[    0.000000] BIOS-e820: [mem 0x0000000000100000-0x000000003ffeffff] usable
[    0.000000] BIOS-e820: [mem 0x000000003fff0000-0x000000003fffffff] ACPI data
[    0.000000] BIOS-e820: [mem 0x00000000fec00000-0x00000000fec00fff] reserved
[    0.000000] BIOS-e820: [mem 0x00000000fee00000-0x00000000fee00fff] reserved
[    0.000000] BIOS-e820: [mem 0x00000000fffc0000-0x00000000ffffffff] reserved
[    0.000000] NX (Execute Disable) protection: active
[    0.000000] SMBIOS 2.5 present.
[    0.000000] Hypervisor detected: KVM
[    0.000000] Kernel/User page tables isolation: disabled
[    0.000000] e820: last_pfn = 0x3fff0 max_arch_pfn = 0x400000000
[    0.000000] MTRR: Disabled
[    0.000000] x86/PAT: MTRRs disabled, skipping PAT initialization too.
[    0.000000] CPU MTRRs all blank - virtualized system.
[    0.000000] x86/PAT: Configuration [0-7]: WB  WT  UC- UC  WB  WT  UC- UC  
[    0.000000] found SMP MP-table at [mem 0x0009fff0-0x0009ffff] mapped at [ffff88000009fff0]
[    0.000000] Scanning 1 areas for low memory corruption
[    0.000000] RAMDISK: [mem 0x362f4000-0x37171fff]
[    0.000000] ACPI: Early table checksum verification disabled
[    0.000000] ACPI: RSDP 0x00000000000E0000 000024 (v02 VBOX  )
[    0.000000] ACPI: XSDT 0x000000003FFF0030 00003C (v01 VBOX   VBOXXSDT 00000001 ASL  00000061)
[    0.000000] ACPI: FACP 0x000000003FFF00F0 0000F4 (v04 VBOX   VBOXFACP 00000001 ASL  00000061)
[    0.000000] ACPI: DSDT 0x000000003FFF0470 0022EA (v02 VBOX   VBOXBIOS 00000002 INTL 20100528)
[    0.000000] ACPI: FACS 0x000000003FFF0200 000040
[    0.000000] ACPI: FACS 0x000000003FFF0200 000040
[    0.000000] ACPI: APIC 0x000000003FFF0240 00005C (v02 VBOX   VBOXAPIC 00000001 ASL  00000061)
[    0.000000] ACPI: SSDT 0x000000003FFF02A0 0001CC (v01 VBOX   VBOXCPUT 00000002 INTL 20100528)
[    0.000000] No NUMA configuration found
[    0.000000] Faking a node at [mem 0x0000000000000000-0x000000003ffeffff]
[    0.000000] NODE_DATA(0) allocated [mem 0x3ffeb000-0x3ffeffff]
[    0.000000] kvm-clock: Using msrs 4b564d01 and 4b564d00
[    0.000000] kvm-clock: cpu 0, msr 0:3ffe3001, primary cpu clock
[    0.000000] kvm-clock: using sched offset of 3328622571 cycles
[    0.000000] clocksource: kvm-clock: mask: 0xffffffffffffffff max_cycles: 0x1cd42e4dffb, max_idle_ns: 881590591483 ns
[    0.000000] Zone ranges:
[    0.000000]   DMA      [mem 0x0000000000001000-0x0000000000ffffff]
[    0.000000]   DMA32    [mem 0x0000000001000000-0x000000003ffeffff]
[    0.000000]   Normal   empty
[    0.000000]   Device   empty
[    0.000000] Movable zone start for each node
[    0.000000] Early memory node ranges
[    0.000000]   node   0: [mem 0x0000000000001000-0x000000000009efff]
[    0.000000]   node   0: [mem 0x0000000000100000-0x000000003ffeffff]
[    0.000000] Initmem setup node 0 [mem 0x0000000000001000-0x000000003ffeffff]
[    0.000000] ACPI: PM-Timer IO Port: 0x4008
[    0.000000] IOAPIC[0]: apic_id 2, version 32, address 0xfec00000, GSI 0-23
[    0.000000] ACPI: INT_SRC_OVR (bus 0 bus_irq 0 global_irq 2 dfl dfl)
[    0.000000] ACPI: INT_SRC_OVR (bus 0 bus_irq 9 global_irq 9 low level)
[    0.000000] Using ACPI (MADT) for SMP configuration information
[    0.000000] smpboot: Allowing 2 CPUs, 0 hotplug CPUs
[    0.000000] PM: Registered nosave memory: [mem 0x00000000-0x00000fff]
[    0.000000] PM: Registered nosave memory: [mem 0x0009f000-0x0009ffff]
[    0.000000] PM: Registered nosave memory: [mem 0x000a0000-0x000effff]
[    0.000000] PM: Registered nosave memory: [mem 0x000f0000-0x000fffff]
[    0.000000] e820: [mem 0x40000000-0xfebfffff] available for PCI devices
[    0.000000] Booting paravirtualized kernel on KVM
[    0.000000] clocksource: refined-jiffies: mask: 0xffffffff max_cycles: 0xffffffff, max_idle_ns: 7645519600211568 ns
[    0.000000] setup_percpu: NR_CPUS:512 nr_cpumask_bits:512 nr_cpu_ids:2 nr_node_ids:1
[    0.000000] PERCPU: Embedded 33 pages/cpu @ffff88003fc00000 s95448 r8192 d31528 u1048576
[    0.000000] Built 1 zonelists in Node order, mobility grouping on.  Total pages: 257912
[    0.000000] Policy zone: DMA32
[    0.000000] Kernel command line: BOOT_IMAGE=/boot/vmlinuz-4.4.0-170-generic root=LABEL=cloudimg-rootfs ro console=tty1 console=ttyS0
[    0.000000] PID hash table entries: 4096 (order: 3, 32768 bytes)
[    0.000000] Memory: 997716K/1048120K available (8626K kernel code, 1336K rwdata, 4036K rodata, 1488K init, 1288K bss, 50404K reserved, 0K cma-reserved)
[    0.000000] SLUB: HWalign=64, Order=0-3, MinObjects=0, CPUs=2, Nodes=1
[    0.000000] Hierarchical RCU implementation.
[    0.000000] 	Build-time adjustment of leaf fanout to 64.
[    0.000000] 	RCU restricting CPUs from NR_CPUS=512 to nr_cpu_ids=2.
[    0.000000] RCU: Adjusting geometry for rcu_fanout_leaf=64, nr_cpu_ids=2
[    0.000000] NR_IRQS:33024 nr_irqs:440 16
[    0.000000] Console: colour VGA+ 80x25
[    0.000000] console [tty1] enabled
[    0.000000] console [ttyS0] enabled
[    0.000000] tsc: Detected 1992.002 MHz processor
[    0.114752] Calibrating delay loop (skipped) preset value.. 3984.00 BogoMIPS (lpj=7968008)
[    0.116051] pid_max: default: 32768 minimum: 301
[    0.116672] ACPI: Core revision 20150930
[    0.117905] ACPI: 2 ACPI AML tables successfully acquired and loaded
[    0.118812] Security Framework initialized
[    0.119405] Yama: becoming mindful.
[    0.119988] AppArmor: AppArmor initialized
[    0.120605] Dentry cache hash table entries: 131072 (order: 8, 1048576 bytes)
[    0.121614] Inode-cache hash table entries: 65536 (order: 7, 524288 bytes)
[    0.127700] Mount-cache hash table entries: 2048 (order: 2, 16384 bytes)
[    0.128794] Mountpoint-cache hash table entries: 2048 (order: 2, 16384 bytes)
[    0.130014] Initializing cgroup subsys io
[    0.130907] Initializing cgroup subsys memory
[    0.131805] Initializing cgroup subsys devices
[    0.132621] Initializing cgroup subsys freezer
[    0.133379] Initializing cgroup subsys net_cls
[    0.134337] Initializing cgroup subsys perf_event
[    0.135033] Initializing cgroup subsys net_prio
[    0.135940] Initializing cgroup subsys hugetlb
[    0.136646] Initializing cgroup subsys pids
[    0.138335] mce: CPU supports 0 MCE banks
[    0.139003] Last level iTLB entries: 4KB 64, 2MB 8, 4MB 8
[    0.139759] Last level dTLB entries: 4KB 64, 2MB 0, 4MB 0, 1GB 4
[    0.140579] Spectre V1 : Mitigation: usercopy/swapgs barriers and __user pointer sanitization
[    0.141863] Spectre V2 : Mitigation: Enhanced IBRS
[    0.142566] Spectre V2 : Spectre v2 / SpectreRSB mitigation: Filling RSB on context switch
[    0.143775] Speculative Store Bypass: Vulnerable
[    0.146634] Freeing SMP alternatives memory: 36K
[    0.152078] ftrace: allocating 32302 entries in 127 pages
[    0.190472] smpboot: APIC(0) Converting physical 0 to logical package 0
[    0.191483] smpboot: Max logical packages: 1
[    0.192460] x2apic enabled
[    0.193273] Switched APIC routing to physical x2apic.
[    0.194962] ..TIMER: vector=0x30 apic1=0 pin1=2 apic2=-1 pin2=-1
[    0.304141] smpboot: CPU0: Intel(R) Core(TM) i7-8565U CPU @ 1.80GHz (family: 0x6, model: 0x8e, stepping: 0xc)
[    0.306065] Performance Events: unsupported p6 CPU model 142 no PMU driver, software events only.
[    0.313479] KVM setup paravirtual spinlock
[    0.315038] x86: Booting SMP configuration:
[    0.315872] .... node  #0, CPUs:      #1
[    0.316850] kvm-clock: cpu 1, msr 0:3ffe3041, secondary cpu clock
[    0.318950] mce: CPU supports 0 MCE banks
[    0.321466] x86: Booted up 1 node, 2 CPUs
[    0.322401] smpboot: Total of 2 processors activated (7968.00 BogoMIPS)
[    0.324407] devtmpfs: initialized
[    0.326435] evm: security.selinux
[    0.327151] evm: security.SMACK64
[    0.327749] evm: security.SMACK64EXEC
[    0.328428] evm: security.SMACK64TRANSMUTE
[    0.329322] evm: security.SMACK64MMAP
[    0.330166] evm: security.ima
[    0.330909] evm: security.capability
[    0.331536] clocksource: jiffies: mask: 0xffffffff max_cycles: 0xffffffff, max_idle_ns: 7645041785100000 ns
[    0.332933] futex hash table entries: 512 (order: 3, 32768 bytes)
[    0.333815] pinctrl core: initialized pinctrl subsystem
[    0.334555] RTC time: 11:30:03, date: 01/15/20
[    0.340835] NET: Registered protocol family 16
[    0.353963] cpuidle: using governor ladder
[    0.370042] cpuidle: using governor menu
[    0.371787] PCCT header not found.
[    0.373395] ACPI: bus type PCI registered
[    0.374906] acpiphp: ACPI Hot Plug PCI Controller Driver version: 0.5
[    0.375955] PCI: Using configuration type 1 for base access
[    0.390548] ACPI: Added _OSI(Module Device)
[    0.391476] ACPI: Added _OSI(Processor Device)
[    0.392236] ACPI: Added _OSI(3.0 _SCP Extensions)
[    0.392951] ACPI: Added _OSI(Processor Aggregator Device)
[    0.394203] ACPI: Executed 1 blocks of module-level executable AML code
[    0.396471] ACPI: Interpreter enabled
[    0.397006] ACPI: (supports S0 S5)
[    0.397546] ACPI: Using IOAPIC for interrupt routing
[    0.398359] PCI: Using host bridge windows from ACPI; if necessary, use "pci=nocrs" and report a bug
[    0.401876] ACPI: PCI Root Bridge [PCI0] (domain 0000 [bus 00-ff])
[    0.402782] acpi PNP0A03:00: _OSC: OS supports [ASPM ClockPM Segments MSI]
[    0.403993] acpi PNP0A03:00: _OSC: not requesting OS control; OS requires [ExtendedConfig ASPM ClockPM MSI]
[    0.405707] acpi PNP0A03:00: fail to add MMCONFIG information, can't access extended PCI configuration space under this bridge.
[    0.407590] PCI host bridge to bus 0000:00
[    0.408296] pci_bus 0000:00: root bus resource [io  0x0000-0x0cf7 window]
[    0.409407] pci_bus 0000:00: root bus resource [io  0x0d00-0xffff window]
[    0.410445] pci_bus 0000:00: root bus resource [mem 0x000a0000-0x000bffff window]
[    0.411659] pci_bus 0000:00: root bus resource [mem 0x40000000-0xfdffffff window]
[    0.413175] pci_bus 0000:00: root bus resource [bus 00-ff]
[    0.415306] pci 0000:00:01.1: legacy IDE quirk: reg 0x10: [io  0x01f0-0x01f7]
[    0.416314] pci 0000:00:01.1: legacy IDE quirk: reg 0x14: [io  0x03f6]
[    0.417656] pci 0000:00:01.1: legacy IDE quirk: reg 0x18: [io  0x0170-0x0177]
[    0.418797] pci 0000:00:01.1: legacy IDE quirk: reg 0x1c: [io  0x0376]
[    0.429436] pci 0000:00:07.0: quirk: [io  0x4000-0x403f] claimed by PIIX4 ACPI
[    0.438064] pci 0000:00:07.0: quirk: [io  0x4100-0x410f] claimed by PIIX4 SMB
[    0.444920] ACPI: PCI Interrupt Link [LNKA] (IRQs 5 9 10 *11)
[    0.446493] ACPI: PCI Interrupt Link [LNKB] (IRQs 5 9 *10 11)
[    0.447987] ACPI: PCI Interrupt Link [LNKC] (IRQs 5 *9 10 11)
[    0.449730] ACPI: PCI Interrupt Link [LNKD] (IRQs 5 9 10 *11)
[    0.450981] ACPI: Enabled 2 GPEs in block 00 to 07
[    0.451898] vgaarb: setting as boot device: PCI:0000:00:02.0
[    0.452642] vgaarb: device added: PCI:0000:00:02.0,decodes=io+mem,owns=io+mem,locks=none
[    0.453841] vgaarb: loaded
[    0.454283] vgaarb: bridge control possible 0000:00:02.0
[    0.455151] SCSI subsystem initialized
[    0.455804] ACPI: bus type USB registered
[    0.456377] usbcore: registered new interface driver usbfs
[    0.457202] usbcore: registered new interface driver hub
[    0.457942] usbcore: registered new device driver usb
[    0.458862] PCI: Using ACPI for IRQ routing
[    0.459760] NetLabel: Initializing
[    0.460268] NetLabel:  domain hash size = 128
[    0.460961] NetLabel:  protocols = UNLABELED CIPSOv4
[    0.461665] NetLabel:  unlabeled traffic allowed by default
[    0.462550] amd_nb: Cannot enumerate AMD northbridges
[    0.463235] clocksource: Switched to clocksource kvm-clock
[    0.478691] AppArmor: AppArmor Filesystem Enabled
[    0.479732] pnp: PnP ACPI init
[    0.480907] pnp: PnP ACPI: found 3 devices
[    0.489557] clocksource: acpi_pm: mask: 0xffffff max_cycles: 0xffffff, max_idle_ns: 2085701024 ns
[    0.491057] NET: Registered protocol family 2
[    0.491873] TCP established hash table entries: 8192 (order: 4, 65536 bytes)
[    0.493017] TCP bind hash table entries: 8192 (order: 5, 131072 bytes)
[    0.494021] TCP: Hash tables configured (established 8192 bind 8192)
[    0.499764] UDP hash table entries: 512 (order: 2, 16384 bytes)
[    0.500707] UDP-Lite hash table entries: 512 (order: 2, 16384 bytes)
[    0.501677] NET: Registered protocol family 1
[    0.502390] pci 0000:00:00.0: Limiting direct PCI/PCI transfers
[    0.503246] pci 0000:00:01.0: Activating ISA DMA hang workarounds
[    0.504174] Unpacking initramfs...
[    0.832878] Freeing initrd memory: 14840K
[    0.833773] clocksource: tsc: mask: 0xffffffffffffffff max_cycles: 0x396d566cf43, max_idle_ns: 881590760263 ns
[    0.835558] platform rtc_cmos: registered platform RTC device (no PNP device found)
[    0.837338] Scanning for low memory corruption every 60 seconds
[    0.838933] audit: initializing netlink subsys (disabled)
[    0.840069] audit: type=2000 audit(1579087809.032:1): initialized
[    0.841107] Initialise system trusted keyring
[    0.841941] HugeTLB registered 2 MB page size, pre-allocated 0 pages
[    0.843744] zbud: loaded
[    0.844438] VFS: Disk quotas dquot_6.6.0
[    0.845105] VFS: Dquot-cache hash table entries: 512 (order 0, 4096 bytes)
[    0.846212] squashfs: version 4.0 (2009/01/31) Phillip Lougher
[    0.847279] fuse init (API version 7.23)
[    0.848031] Key type big_key registered
[    0.848665] Allocating IMA MOK and blacklist keyrings.
[    0.860170] Key type asymmetric registered
[    0.860877] Asymmetric key parser 'x509' registered
[    0.861781] Block layer SCSI generic (bsg) driver version 0.4 loaded (major 249)
[    0.863294] io scheduler noop registered
[    0.863904] io scheduler deadline registered (default)
[    0.864765] io scheduler cfq registered
[    0.865440] pci_hotplug: PCI Hot Plug PCI Core version: 0.5
[    0.866237] pciehp: PCI Express Hot Plug Controller Driver version: 0.4
[    0.867227] ACPI: AC Adapter [AC] (on-line)
[    0.867974] input: Power Button as /devices/LNXSYSTM:00/LNXPWRBN:00/input/input0
[    0.869153] ACPI: Power Button [PWRF]
[    0.869779] input: Sleep Button as /devices/LNXSYSTM:00/LNXSLPBN:00/input/input1
[    0.870963] ACPI: Sleep Button [SLPF]
[    0.871810] GHES: HEST is not enabled!
[    0.872395] ACPI: Battery Slot [BAT0] (battery present)
[    0.873557] Serial: 8250/16550 driver, 32 ports, IRQ sharing enabled
[    0.894835] 00:02: ttyS0 at I/O 0x3f8 (irq = 4, base_baud = 115200) is a 16550A
[    0.899390] Linux agpgart interface v0.103
[    0.901200] loop: module loaded
[    0.902146] scsi host0: ata_piix
[    0.902810] scsi host1: ata_piix
[    0.903383] ata1: PATA max UDMA/33 cmd 0x1f0 ctl 0x3f6 bmdma 0xd000 irq 14
[    0.904297] ata2: PATA max UDMA/33 cmd 0x170 ctl 0x376 bmdma 0xd008 irq 15
[    0.905302] libphy: Fixed MDIO Bus: probed
[    0.906164] tun: Universal TUN/TAP device driver, 1.6
[    0.906889] tun: (C) 1999-2004 Max Krasnyansky <maxk@qualcomm.com>
[    0.908004] PPP generic driver version 2.4.2
[    0.908759] ehci_hcd: USB 2.0 'Enhanced' Host Controller (EHCI) Driver
[    0.909637] ehci-pci: EHCI PCI platform driver
[    0.910286] ehci-platform: EHCI generic platform driver
[    0.910968] ohci_hcd: USB 1.1 'Open' Host Controller (OHCI) Driver
[    0.911841] ohci-pci: OHCI PCI platform driver
[    0.912488] ohci-platform: OHCI generic platform driver
[    0.913180] uhci_hcd: USB Universal Host Controller Interface driver
[    0.914034] i8042: PNP: PS/2 Controller [PNP0303:PS2K,PNP0f03:PS2M] at 0x60,0x64 irq 1,12
[    0.915509] serio: i8042 KBD port at 0x60,0x64 irq 1
[    0.916318] serio: i8042 AUX port at 0x60,0x64 irq 12
[    0.917205] mousedev: PS/2 mouse device common for all mice
[    0.918286] input: AT Translated Set 2 keyboard as /devices/platform/i8042/serio0/input/input2
[    0.919764] rtc_cmos rtc_cmos: rtc core: registered rtc_cmos as rtc0
[    0.920647] rtc_cmos rtc_cmos: alarms up to one day, 114 bytes nvram
[    0.921483] i2c /dev entries driver
[    0.922067] device-mapper: uevent: version 1.0.3
[    0.922748] device-mapper: ioctl: 4.34.0-ioctl (2015-10-28) initialised: dm-devel@redhat.com
[    0.924087] ledtrig-cpu: registered to indicate activity on CPUs
[    0.925276] NET: Registered protocol family 10
[    0.926049] NET: Registered protocol family 17
[    0.926681] Key type dns_resolver registered
[    0.927635] registered taskstats version 1
[    0.928230] Loading compiled-in X.509 certificates
[    0.929381] Loaded X.509 cert 'Build time autogenerated kernel key: f0e56e97f406068ace47a9bf54316e9855aaaa43'
[    0.930727] zswap: loaded using pool lzo/zbud
[    0.932623] Key type trusted registered
[    0.935245] Key type encrypted registered
[    0.935908] AppArmor: AppArmor sha1 policy hashing enabled
[    0.936657] ima: No TPM chip found, activating TPM-bypass!
[    0.937363] ima: Allocated hash algorithm: sha1
[    0.938025] evm: HMAC attrs: 0x1
[    0.938795]   Magic number: 4:738:529
[    0.939472] rtc_cmos rtc_cmos: setting system clock to 2020-01-15 11:30:04 UTC (1579087804)
[    0.940776] BIOS EDD facility v0.16 2004-Jun-25, 0 devices found
[    0.941531] EDD information not available.
[    1.064762] Freeing unused kernel memory: 1488K
[    1.068984] Write protecting the kernel read-only data: 14336k
[    1.075216] Freeing unused kernel memory: 1604K
[    1.078356] Freeing unused kernel memory: 60K
Loading, please wait...
starting version 229
[    1.096752] random: systemd-udevd: uninitialized urandom read (16 bytes read, 1 bits of entropy available)
[    1.097232] random: udevadm: uninitialized urandom read (16 bytes read, 1 bits of entropy available)
[    1.097246] random: udevadm: uninitialized urandom read (16 bytes read, 1 bits of entropy available)
[    1.102713] random: udevadm: uninitialized urandom read (16 bytes read, 1 bits of entropy available)
[    1.102737] random: udevadm: uninitialized urandom read (16 bytes read, 1 bits of entropy available)
[    1.102812] random: udevadm: uninitialized urandom read (16 bytes read, 1 bits of entropy available)
[    1.102839] random: udevadm: uninitialized urandom read (16 bytes read, 1 bits of entropy available)
[    1.102866] random: udevadm: uninitialized urandom read (16 bytes read, 1 bits of entropy available)
[    1.102892] random: udevadm: uninitialized urandom read (16 bytes read, 1 bits of entropy available)
[    1.102931] random: udevadm: uninitialized urandom read (16 bytes read, 1 bits of entropy available)
[    1.133034] Fusion MPT base driver 3.04.20
[    1.134243] Copyright (c) 1999-2008 LSI Corporation
[    1.139078] e1000: Intel(R) PRO/1000 Network Driver - version 7.3.21-k8-NAPI
[    1.140607] e1000: Copyright (c) 1999-2006 Intel Corporation.
[    1.145685] Fusion MPT SPI Host driver 3.04.20
[    1.149029] AVX2 version of gcm_enc/dec engaged.
[    1.149968] AES CTR mode by8 optimization enabled
[    1.336354] input: ImExPS/2 Generic Explorer Mouse as /devices/platform/i8042/serio1/input/input4
[    1.503064] e1000 0000:00:03.0 eth0: (PCI:33MHz:32-bit) 02:4f:25:6a:cc:77
[    1.505526] e1000 0000:00:03.0 eth0: Intel(R) PRO/1000 Network Connection
[    1.508631] mptbase: ioc0: Initiating bringup
[    1.572007] ioc0: LSI53C1030 A0: Capabilities={Initiator}
[    1.745031] scsi host2: ioc0: LSI53C1030 A0, FwRev=00000000h, Ports=1, MaxQ=256, IRQ=20
[    1.865283] scsi 2:0:0:0: Direct-Access     VBOX     HARDDISK         1.0  PQ: 0 ANSI: 5
[    1.873091] scsi target2:0:0: Beginning Domain Validation
[    1.881296] scsi target2:0:0: Domain Validation skipping write tests
[    1.883825] scsi target2:0:0: Ending Domain Validation
[    1.886127] scsi target2:0:0: asynchronous
[    1.888669] scsi 2:0:1:0: Direct-Access     VBOX     HARDDISK         1.0  PQ: 0 ANSI: 5
[    1.891507] scsi target2:0:1: Beginning Domain Validation
[    1.894504] scsi target2:0:1: Domain Validation skipping write tests
[    1.895633] scsi target2:0:1: Ending Domain Validation
[    1.896573] scsi target2:0:1: asynchronous
[    1.911782] sd 2:0:0:0: Attached scsi generic sg0 type 0
[    1.913203] sd 2:0:1:0: Attached scsi generic sg1 type 0
[    1.923567] sd 2:0:0:0: [sda] 20971520 512-byte logical blocks: (10.7 GB/10.0 GiB)
[    1.925192] sd 2:0:1:0: [sdb] 20480 512-byte logical blocks: (10.5 MB/10.0 MiB)
[    1.927021] sd 2:0:0:0: [sda] Write Protect is off
[    1.928268] sd 2:0:1:0: [sdb] Write Protect is off
[    1.929713] sd 2:0:0:0: [sda] Incomplete mode parameter data
[    1.930606] sd 2:0:0:0: [sda] Assuming drive cache: write through
[    1.931567] sd 2:0:1:0: [sdb] Incomplete mode parameter data
[    1.932457] sd 2:0:1:0: [sdb] Assuming drive cache: write through
[    1.941889]  sda: sda1
[    1.943840] sd 2:0:0:0: [sda] Attached SCSI disk
[    1.945127] sd 2:0:1:0: [sdb] Attached SCSI disk
[    2.230599] e1000 0000:00:08.0 eth1: (PCI:33MHz:32-bit) 08:00:27:0a:bb:c3
[    2.232111] e1000 0000:00:08.0 eth1: Intel(R) PRO/1000 Network Connection
[    2.233595] e1000 0000:00:08.0 enp0s8: renamed from eth1
[    2.243804] e1000 0000:00:03.0 enp0s3: renamed from eth0
Begin: Loading essential drivers ... [    3.527472] md: linear personality registered for level -1
[    3.530453] md: multipath personality registered for level -4
[    3.533003] md: raid0 personality registered for level 0
[    3.536325] md: raid1 personality registered for level 1
[    3.607659] raid6: sse2x1   gen() 12980 MB/s
[    3.675537] raid6: sse2x1   xor()  8647 MB/s
[    3.743289] raid6: sse2x2   gen() 17502 MB/s
[    3.811392] raid6: sse2x2   xor() 11028 MB/s
[    3.879530] raid6: sse2x4   gen() 19510 MB/s
[    3.947315] raid6: sse2x4   xor() 11687 MB/s
[    4.015696] raid6: avx2x1   gen() 24371 MB/s
[    4.083972] raid6: avx2x2   gen() 32683 MB/s
[    4.151374] raid6: avx2x4   gen() 33430 MB/s
[    4.152531] raid6: using algorithm avx2x4 gen() 33430 MB/s
[    4.153583] raid6: using avx2x2 recovery algorithm
[    4.156150] xor: automatically using best checksumming function:
[    4.195256]    avx       : 29372.000 MB/sec
[    4.197036] async_tx: api initialized (async)
[    4.206211] md: raid6 personality registered for level 6
[    4.207389] md: raid5 personality registered for level 5
[    4.208497] md: raid4 personality registered for level 4
[    4.214619] md: raid10 personality registered for level 10
done.
Begin: Running /scripts/init-premount ... done.
Begin: Mounting root file system ... Begin: Running /scripts/local-top ... done.
Begin: Running /scripts/local-premount ... [    4.235090] Btrfs loaded
Scanning for Btrfs filesystems
done.
Warning: fsck not present, so skipping root file system
[    4.253602] EXT4-fs (sda1): mounted filesystem with ordered data mode. Opts: (null)
done.
Begin: Running /scripts/local-bottom ... done.
Begin: Running /scripts/init-bottom ... done.
[    4.314912] systemd[1]: systemd 229 running in system mode. (+PAM +AUDIT +SELINUX +IMA +APPARMOR +SMACK +SYSVINIT +UTMP +LIBCRYPTSETUP +GCRYPT +GNUTLS +ACL +XZ -LZ4 +SECCOMP +BLKID +ELFUTILS +KMOD -IDN)
[    4.317729] systemd[1]: Detected virtualization oracle.
[    4.318591] systemd[1]: Detected architecture x86-64.

Welcome to [1mUbuntu 16.04.6 LTS[0m!

[    4.328694] systemd[1]: Set hostname to <ubuntu>.
[    4.337273] systemd[1]: Initializing machine ID from random generator.
[    4.340483] systemd[1]: Installed transient /etc/machine-id file.
[    4.431891] systemd[1]: Listening on udev Kernel Socket.
[[0;32m  OK  [0m] Listening on udev Kernel Socket.
[    4.433568] systemd[1]: Reached target Encrypted Volumes.
[[0;32m  OK  [0m] Reached target Encrypted Volumes.
[    4.435143] systemd[1]: Started Trigger resolvconf update for networkd DNS.
[[0;32m  OK  [0m] Started Trigger resolvconf update for networkd DNS.
[    4.437123] systemd[1]: Created slice System Slice.
[[0;32m  OK  [0m] Created slice System Slice.
[    4.438599] systemd[1]: Created slice system-serial\x2dgetty.slice.
[[0;32m  OK  [0m] Created slice system-serial\x2dgetty.slice.
[    4.440221] systemd[1]: Listening on LVM2 poll daemon socket.
[[0;32m  OK  [0m] Listening on LVM2 poll daemon socket.
[    4.441680] systemd[1]: Listening on Journal Socket.
[[0;32m  OK  [0m] Listening on Journal Socket.
[    4.459688] systemd[1]: Starting Load Kernel Modules...
         Starting Load Kernel Modules...
[    4.466603] Loading iSCSI transport class v2.0-870.
[    4.471887] systemd[1]: Starting Set console keymap...
[    4.473221] iscsi: registered transport (tcp)
         Starting Set console keymap...
[    4.474819] systemd[1]: Mounting POSIX Message Queue File System...
         Mounting POSIX Message Queue File System...
[    4.476713] systemd[1]: Listening on Syslog Socket.
[[0;32m  OK  [0m] Listening on Syslog Socket.
[    4.479147] systemd[1]: Mounting Huge Pages File System...
         Mounting Huge Pages File System...
[    4.481271] systemd[1]: Starting Uncomplicated firewall...
         Starting Uncomplicated firewall...
[    4.483447] systemd[1]: Starting Create list of required static device nodes for the current kernel...
         Starting Create list of required st... nodes for the current kernel...
[    4.496678] systemd[1]: Reached target User and Group Name Lookups.
[[0;32m  OK  [0m] Reached target User and Group Name Lookups.
[    4.498343] systemd[1]: Listening on LVM2 metadata daemon socket.
[[0;32m  OK  [0m] Listening on LVM2 metadata daemon socket.
[    4.500508] systemd[1]: Reached target Swap.
[[0;32m  OK  [0m] Reached target Swap.
[    4.501788] systemd[1]: Started Forward Password Requests to Wall Directory Watch.
[[0;32m  OK  [0m] Started Forward Password Requests to Wall Directory Watch.
[    4.503866] systemd[1]: Reached target System Time Synchronized.
[[0;32m  OK  [0m] Reached target System Time Synchronized.
[    4.505778] systemd[1]: Listening on /dev/initctl Compatibility Named Pipe.
[[0;32m  OK  [0m] Listening on /dev/initctl Compatibility Named Pipe.
[    4.514843] iscsi: registered transport (iser)
[    4.524006] systemd[1]: Mounting Debug File System...
         Mounting Debug File System...
[    4.531832] systemd[1]: Listening on udev Control Socket.
[[0;32m  OK  [0m] Listening on udev Control Socket.
[    4.540192] systemd[1]: Created slice User and Session Slice.
[[0;32m  OK  [0m] Created slice User and Session Slice.
[    4.549079] systemd[1]: Set up automount Arbitrary Executable File Formats File System Automount Point.
[[0;32m  OK  [0m] Set up automount Arbitrary Executab...ats File System Automount Point.
[    4.571971] systemd[1]: Starting Nameserver information manager...
         Starting Nameserver information manager...
[    4.580217] systemd[1]: Listening on Journal Audit Socket.
[[0;32m  OK  [0m] Listening on Journal Audit Socket.
[    4.582715] systemd[1]: Starting Remount Root and Kernel File Systems...
         Starting Remount Root and Kernel File Systems...
[    4.584845] systemd[1]: Listening on Journal Socket (/dev/log).

    4.585852] EXT4-fs (sda1): re-mounted. Opts: (null)
[[0;32m  OK  [0m] Listening on Journal Socket (/dev/log).
[    4.587527] systemd[1]: Starting Journal Service...
         Starting Journal Service...
[    4.589710] systemd[1]: Listening on Device-mapper event daemon FIFOs.
[[0;32m  OK  [0m] Listening on Device-mapper event daemon FIFOs.
[    4.601551] systemd[1]: Starting Monitoring of LVM2 mirrors, snapshots etc. using dmeventd or progress polling...
         Starting Monitoring of LVM2 mirrors... dmeventd or progress polling...
[    4.604397] systemd[1]: Reached target Slices.
[[0;32m  OK  [0m] Reached target Slices.
[    4.607217] systemd[1]: Mounted Debug File System.
[[0;32m  OK  [0m] Mounted Debug File System.
[    4.609113] systemd[1]: Mounted Huge Pages File System.
[[0;32m  OK  [0m] Mounted Huge Pages File System.
[    4.622017] systemd[1]: Mounted POSIX Message Queue File System.
[[0;32m  OK  [0m] Mounted POSIX Message Queue File System.
[    4.624881] systemd[1]: Started Load Kernel Modules.
[[0;32m  OK  [0m] Started Load Kernel Modules.
[    4.626775] systemd[1]: Started Set console keymap.
[[0;32m  OK  [0m] Started Set console keymap.
[    4.628609] systemd[1]: Started Uncomplicated firewall.
[[0;32m  OK  [0m] Started Uncomplicated firewall.
[    4.630371] systemd[1]: Started Create list of required static device nodes for the current kernel.
[[0;32m  OK  [0m] Started Create list of required sta...ce nodes for the current kernel.
[    4.633299] systemd[1]: Started Remount Root and Kernel File Systems.
[[0;32m  OK  [0m] Started Remount Root and Kernel File Systems.
[    4.635463] systemd[1]: Started Nameserver information manager.
[[0;32m  OK  [0m] Started Nameserver information manager.
[    4.638775] systemd[1]: Started Journal Service.
[[0;32m  OK  [0m] Started Journal Service.
[[0;32m  OK  [0m] Started LVM2 metadata daemon.
         Starting Load/Save Random Seed...
         Starting udev Coldplug all Devices...
         Starting Flush Journal to Persistent Storage...
         Starting Create Static Device Nodes in /dev...
         Starting Apply Kernel Variables...
         Mounting FUSE Control File System...
[[0;32m  OK  [0m] Started Load/Save Random Seed.
[[0;32m  OK  [0m] Started Create Static Device Nodes in /dev.
[[0;32m  OK  [0m] Started Apply Kernel Variables.
[[0;32m  OK  [0m] Mounted FUSE Control File System.
[[0;32m  OK  [0m] Started udev Coldplug all Devices.
[[0;32m  OK  [0m] Started Flush Journal to Persistent Storage.
         Starting udev Kernel Device Manager...
[[0;32m  OK  [0m] Started udev Kernel Device Manager.
[[0;32m  OK  [0m] Started Dispatch Password Requests to Console Directory Watch.
[[0;32m  OK  [0m] Started Monitoring of LVM2 mirrors,...ng dmeventd or progress polling.
[[0;32m  OK  [0m] Found device /dev/ttyS0.
[[0;32m  OK  [0m] Reached target Local File Systems (Pre).
[[0;32m  OK  [0m] Reached target Local File Systems.
         Starting Tell Plymouth To Write Out Runtime Data...
         Starting Initial cloud-init job (pre-networking)...
         Starting Commit a transient machine-id on disk...
         Starting LSB: AppArmor initialization...
         Starting Create Volatile Files and Directories...
         Starting Set console font and keymap...
[[0;32m  OK  [0m] Started Tell Plymouth To Write Out Runtime Data.
[[0;32m  OK  [0m] Started Create Volatile Files and Directories.
[[0;32m  OK  [0m] Started Commit a transient machine-id on disk.
[[0;32m  OK  [0m] Listening on Load/Save RF Kill Switch Status /dev/rfkill Watch.
         Starting Update UTMP about System Boot/Shutdown...
[[0;32m  OK  [0m] Started Update UTMP about System Boot/Shutdown.
[    5.828543] cloud-init[508]: Cloud-init v. 19.2-36-g059d049c-0ubuntu2~16.04.1 running 'init-local' at Wed, 15 Jan 2020 11:30:09 +0000. Up 5.54 seconds.
[[0;32m  OK  [0m] Started Set console font and keymap.
[[0;32m  OK  [0m] Started Initial cloud-init job (pre-networking).
[[0;32m  OK  [0m] Reached target Network (Pre).
[[0;32m  OK  [0m] Created slice system-getty.slice.
[[0;32m  OK  [0m] Started LSB: AppArmor initialization.
         Starting Raise network interfaces...
[[0;32m  OK  [0m] Started Raise network interfaces.
[[0;32m  OK  [0m] Reached target Network.
         Starting Initial cloud-init job (metadata service crawler)...
[    6.920254] cloud-init[955]: Cloud-init v. 19.2-36-g059d049c-0ubuntu2~16.04.1 running 'init' at Wed, 15 Jan 2020 11:30:10 +0000. Up 6.46 seconds.
[    6.928770] cloud-init[955]: ci-info: ++++++++++++++++++++++++++++++++++++++Net device info+++++++++++++++++++++++++++++++++++++++
[    6.929859] cloud-init[955]: ci-info: +--------+-------+----------------------------+---------------+--------+-------------------+
[    6.931046] cloud-init[955]: ci-info: | Device |   Up  |          Address           |      Mask     | Scope  |     Hw-Address    |
[    6.932318] cloud-init[955]: ci-info: +--------+-------+----------------------------+---------------+--------+-------------------+
[    6.933568] cloud-init[955]: ci-info: | enp0s3 |  True |         10.0.2.15          | 255.255.255.0 | global | 02:4f:25:6a:cc:77 |
[    6.934813] cloud-init[955]: ci-info: | enp0s3 |  True | fe80::4f:25ff:fe6a:cc77/64 |       .       |  link  | 02:4f:25:6a:cc:77 |
[    6.935989] cloud-init[955]: ci-info: | enp0s8 | False |             .              |       .       |   .    | 08:00:27:0a:bb:c3 |
[    6.937198] cloud-init[955]: ci-info: |   lo   |  True |         127.0.0.1          |   255.0.0.0   |  host  |         .         |
[    6.938436] cloud-init[955]: ci-info: |   lo   |  True |          ::1/128           |       .       |  host  |         .         |
[    6.939610] cloud-init[955]: ci-info: +--------+-------+----------------------------+---------------+--------+-------------------+
[    6.940796] cloud-init[955]: ci-info: +++++++++++++++++++++++++++Route IPv4 info++++++++++++++++++++++++++++
[    6.941833] cloud-init[955]: ci-info: +-------+-------------+----------+---------------+-----------+-------+
[    6.943006] cloud-init[955]: ci-info: | Route | Destination | Gateway  |    Genmask    | Interface | Flags |
[    6.944056] cloud-init[955]: ci-info: +-------+-------------+----------+---------------+-----------+-------+
[    6.945130] cloud-init[955]: ci-info: |   0   |   0.0.0.0   | 10.0.2.2 |    0.0.0.0    |   enp0s3  |   UG  |
[    6.946154] cloud-init[955]: ci-info: |   1   |   10.0.2.0  | 0.0.0.0  | 255.255.255.0 |   enp0s3  |   U   |
[    6.947187] cloud-init[955]: ci-info: +-------+-------------+----------+---------------+-----------+-------+
[    6.948463] cloud-init[955]: ci-info: +++++++++++++++++++Route IPv6 info+++++++++++++++++++
[    6.949456] cloud-init[955]: ci-info: +-------+-------------+---------+-----------+-------+
[    6.950418] cloud-init[955]: ci-info: | Route | Destination | Gateway | Interface | Flags |
[    6.951393] cloud-init[955]: ci-info: +-------+-------------+---------+-----------+-------+
[    6.952398] cloud-init[955]: ci-info: |   0   |  fe80::/64  |    ::   |   enp0s3  |   U   |
[    6.953413] cloud-init[955]: ci-info: |   3   |   ff00::/8  |    ::   |   enp0s3  |   U   |
[    6.954547] cloud-init[955]: ci-info: +-------+-------------+---------+-----------+-------+
[    6.955557] cloud-init[955]: Generating public/private rsa key pair.
[    6.956369] cloud-init[955]: Your identification has been saved in /etc/ssh/ssh_host_rsa_key.
[    6.957352] cloud-init[955]: Your public key has been saved in /etc/ssh/ssh_host_rsa_key.pub.
[    6.958327] cloud-init[955]: The key fingerprint is:
[    6.959030] cloud-init[955]: SHA256:NLqNHMwYq19+JCKfzQIiz1NyKbazSGdJXSi5OKqNi5w root@ubuntu-xenial
[    6.960132] cloud-init[955]: The key's randomart image is:
[    6.960865] cloud-init[955]: +---[RSA 2048]----+
[    6.961496] cloud-init[955]: |                 |
[    6.962170] cloud-init[955]: |    . .          |
[    6.962839] cloud-init[955]: |   o.. .o        |
[    6.963465] cloud-init[955]: |  . +*.o .       |
[    6.964153] cloud-init[955]: | o ooo= S        |
[    6.964922] cloud-init[955]: |+ O.*..=.        |
[    6.965760] cloud-init[955]: |o*.& ==o.        |
[    6.966394] cloud-init[955]: |=+X.+oo .        |
[    6.967078] cloud-init[955]: |*Eo+....         |
[    6.967841] cloud-init[955]: +----[SHA256]-----+
[    6.968600] cloud-init[955]: Generating public/private dsa key pair.
[    6.969520] cloud-init[955]: Your identification has been saved in /etc/ssh/ssh_host_dsa_key.
[    6.970635] cloud-init[955]: Your public key has been saved in /etc/ssh/ssh_host_dsa_key.pub.
[    6.971720] cloud-init[955]: The key fingerprint is:
[    6.972486] cloud-init[955]: SHA256:47KPo7MzQXzRWqtKPmD782dLboCz3ln9pH7kIz/9eZw root@ubuntu-xenial
[    6.973640] cloud-init[955]: The key's randomart image is:
[    6.974439] cloud-init[955]: +---[DSA 1024]----+
[    6.975127] cloud-init[955]: |       .         |
[    6.975872] cloud-init[955]: |      . o        |
[    6.976637] cloud-init[955]: |   .   + .       |
[    6.977407] cloud-init[955]: |    o o .        |
[    6.978121] cloud-init[955]: |   . o .S        |
[    6.978857] cloud-init[955]: |  o = o. o  .    |
[    6.979592] cloud-init[955]: | . = =..+ .o.. ..|
[    6.980334] cloud-init[955]: |  . X..O+ .+= .E+|
[    6.981499] cloud-init[955]: |   o=X**+oo+oo oo|
[    6.982234] cloud-init[955]: +----[SHA256]-----+
[    6.982926] cloud-init[955]: Generating public/private ecdsa key pair.
[    6.983950] cloud-init[955]: Your identification has been saved in /etc/ssh/ssh_host_ecdsa_key.
[    6.985160] cloud-init[955]: Your public key has been saved in /etc/ssh/ssh_host_ecdsa_key.pub.
[    6.986325] cloud-init[955]: The key fingerprint is:
[    6.987084] cloud-init[955]: SHA256:LD2kWpr2R30cFfoqBYmlfXj933Xz9lOZ7QVu71Bhp3E root@ubuntu-xenial
[    6.988193] cloud-init[955]: The key's randomart image is:
[    6.988924] cloud-init[955]: +---[ECDSA 256]---+
[    6.989831] cloud-init[955]: |          .   .. |
[    6.990534] cloud-init[955]: |         = o o.  |
[    6.991240] cloud-init[955]: |        + = +.ooE|
[    6.991967] cloud-init[955]: |       =   +..o=o|
[    6.992652] cloud-init[955]: |      + S. ..oooO|
[    6.993342] cloud-init[955]: |     = .....o.o+@|
[    6.994084] cloud-init[955]: |    =  .  .....oB|
[    6.994781] cloud-init[955]: |   . .  .  .   ++|
[    6.995487] cloud-init[955]: |      ..       .+|
[    6.996195] cloud-init[955]: +----[SHA256]-----+
[    6.996905] cloud-init[955]: Generating public/private ed25519 key pair.
[    6.997809] cloud-init[955]: Your identification has been saved in /etc/ssh/ssh_host_ed25519_key.
[    6.999122] cloud-init[955]: Your public key has been saved in /etc/ssh/ssh_host_ed25519_key.pub.
[    7.000209] cloud-init[955]: The key fingerprint is:
[    7.000958] cloud-init[955]: SHA256:3/DIG6/RVqhZZyujZlUEUR/xLG9nrLn9jyEZxAi2a+A root@ubuntu-xenial
[    7.002082] cloud-init[955]: The key's randomart image is:
[    7.002854] cloud-init[955]: +--[ED25519 256]--+
[[0;32m  OK  [0m] Started Initial cloud-init job (metadata service crawler).
[[0;32m  OK  [0m] Reached target Cloud-config availability.
[[0;32m  OK  [0m] Reached target Network is Online.
[    7.003882] cloud-init[955]: |        o   o+.o.|
[    7.042986]          Starting iSCSI initiator daemon (iscsid)...
[[0;32m  OK  [0m] Reached target System Initialization.
[[0;32m  OK  [0m] Listening on ACPID Listen Socket.
cloud-init[955]: |       . o o  .oo|
[    7.050245]          Starting LXD - unix socket.
cloud-init[955]: |      . . . o.. +|
[    7.052399]          Starting Socket activation for snappy daemon.
cloud-init[955]: |     . . . . ..+ |
[    7.054928] [[0;32m  OK  [0m] Started Message of the Day.
[[0;32m  OK  [0m] Started Daily apt download activities.
[[0;32m  OK  [0m] Started Daily apt upgrade and clean activities.
[[0;32m  OK  [0m] Started Daily Cleanup of Temporary Directories.
[[0;32m  OK  [0m] Reached target Timers.
cloud-init[955]: |      E S . +.+ *|
[    7.057786] cloud-init[955]: |       . o X.* *.|
[    7.058548] [[0;32m  OK  [0m] Started ACPI Events Check.
[[0;32m  OK  [0m] Reached target Paths.
[[0;32m  OK  [0m] Listening on UUID daemon activation socket.
[[0;32m  OK  [0m] Listening on D-Bus System Message Bus Socket.
[[0;32m  OK  [0m] Listening on LXD - unix socket.
[[0;32m  OK  [0m] Listening on Socket activation for snappy daemon.
cloud-init[955]: |          O.X =  |
[[0;32m  OK  [0m] Reached target Sockets.
[[0;32m  OK  [0m] Reached target Basic System.
         Starting Virtualbox guest utils...
[[0;32m  OK  [0m] Started D-Bus System Message Bus.
[    7.062598] cloud-init[955]: |          oB + = |
[    7.066863] cloud-init[955]: |         o+.. o *|
[    7.072281] cloud-init[955]: +----[SHA256]-----+
[[0;32m  OK  [0m] Started Deferred execution scheduler.
         Starting Login Service...
         Starting /etc/rc.local Compatibility...
         Starting System Logging Service...
         Starting LSB: MD monitoring daemon...
         Starting Snappy daemon...
         Starting Accounts Service...
[[0;32m  OK  [0m] Started Regular background program processing daemon.
         Starting Pollinate to seed the pseudo random number generator...
         Starting LSB: Record successful boot for GRUB...
[[0;32m  OK  [0m] Started ACPI event daemon.
[[0;32m  OK  [0m] Started FUSE filesystem for LXC.
         Starting LXD - container startup/shutdown...
[[0;32m  OK  [0m] Started System Logging Service.
[[0;32m  OK  [0m] Started iSCSI initiator daemon (iscsid).
[[0;32m  OK  [0m] Started /etc/rc.local Compatibility.
[[0;32m  OK  [0m] Started Login Service.
[[0;32m  OK  [0m] Started Unattended Upgrades Shutdown.
         Starting Login to default iSCSI targets...
[[0;32m  OK  [0m] Started Login to default iSCSI targets.
[[0;32m  OK  [0m] Started LSB: MD monitoring daemon.
[[0;32m  OK  [0m] Started LSB: Record successful boot for GRUB.
[[0;32m  OK  [0m] Reached target Remote File Systems (Pre).
[[0;32m  OK  [0m] Reached target Remote File Systems.
         Starting LSB: daemon to balance interrupts for SMP systems...
         Starting LSB: Set the CPU Frequency Scaling governor to "ondemand"...
         Starting Permit User Sessions...
         Starting LSB: automatic crash report generation...
[[0;32m  OK  [0m] Started Permit User Sessions.
         Starting Hold until boot process finishes up...
         Starting Terminate Plymouth Boot Screen...
         Starting Authenticate and Authorize Users to Run Privileged Tasks...
[[0;32m  OK  [0m] Started Hold until boot process finishes up.
[[0;32m  OK  [0m] Started Authenticate and Authorize Users to Run Privileged Tasks.
[[0;32m  OK  [0m] Started Terminate Plymouth Boot Screen.
         Starting Set console scheme...
[[0;32m  OK  [0m] Started Serial Getty on ttyS0.
[[0;32m  OK  [0m] Started Getty on tty1.
[[0;32m  OK  [0m] Reached target Login Prompts.
[[0;32m  OK  [0m] Started LSB: automatic crash report generation.
[[0;32m  OK  [0m] Started Set console scheme.
[[0;32m  OK  [0m] Started Accounts Service.
[[0;32m  OK  [0m] Started LSB: Set the CPU Frequency Scaling governor to "ondemand".
[[0;32m  OK  [0m] Started LSB: daemon to balance interrupts for SMP systems.
[[0;32m  OK  [0m] Started Virtualbox guest utils.
[[0;32m  OK  [0m] Started LXD - container startup/shutdown.
[[0;32m  OK  [0m] Started Snappy daemon.
         Starting Wait until snapd is fully seeded...
[[0;32m  OK  [0m] Started Pollinate to seed the pseudo random number generator.
         Starting OpenBSD Secure Shell server...
[[0;32m  OK  [0m] Started OpenBSD Secure Shell server.
[[0;32m  OK  [0m] Started Wait until snapd is fully seeded.
[[0;32m  OK  [0m] Reached target Multi-User System.
[[0;32m  OK  [0m] Reached target Graphical Interface.
         Starting Update UTMP about System Runlevel Changes...
         Starting Apply the settings specified in cloud-config...
[[0;32m  OK  [0m] Started Update UTMP about System Runlevel Changes.
[    8.650792] cloud-init[1301]: Generating locales (this might take a while)...
[    9.967959] cloud-init[1301]:   en_US.UTF-8... done
[    9.976808] cloud-init[1301]: Generation complete.
[   10.182229] cloud-init[1301]: Cloud-init v. 19.2-36-g059d049c-0ubuntu2~16.04.1 running 'modules:config' at Wed, 15 Jan 2020 11:30:12 +0000. Up 8.53 seconds.
[[0;32m  OK  [0m] Started Apply the settings specified in cloud-config.
         Starting Execute cloud user/final scripts...
ci-info: no authorized ssh keys fingerprints found for user ubuntu.
<14>Jan 15 11:30:14 ec2: 
<14>Jan 15 11:30:14 ec2: #############################################################
<14>Jan 15 11:30:14 ec2: -----BEGIN SSH HOST KEY FINGERPRINTS-----
<14>Jan 15 11:30:14 ec2: 1024 SHA256:47KPo7MzQXzRWqtKPmD782dLboCz3ln9pH7kIz/9eZw root@ubuntu-xenial (DSA)
<14>Jan 15 11:30:14 ec2: 256 SHA256:LD2kWpr2R30cFfoqBYmlfXj933Xz9lOZ7QVu71Bhp3E root@ubuntu-xenial (ECDSA)
<14>Jan 15 11:30:14 ec2: 256 SHA256:3/DIG6/RVqhZZyujZlUEUR/xLG9nrLn9jyEZxAi2a+A root@ubuntu-xenial (ED25519)
<14>Jan 15 11:30:14 ec2: 2048 SHA256:NLqNHMwYq19+JCKfzQIiz1NyKbazSGdJXSi5OKqNi5w root@ubuntu-xenial (RSA)
<14>Jan 15 11:30:14 ec2: -----END SSH HOST KEY FINGERPRINTS-----
<14>Jan 15 11:30:14 ec2: #############################################################
-----BEGIN SSH HOST KEY KEYS-----
ecdsa-sha2-nistp256 AAAAE2VjZHNhLXNoYTItbmlzdHAyNTYAAAAIbmlzdHAyNTYAAABBBCFz08ON5s5Do9OTaL0fy+qPAaBQ0RCdmNLwEZVVwa6DXXo7zyWkv65jBi2DQvBumMZ6MX4W8AkovWK7ldS9Bkg= root@ubuntu-xenial
ssh-ed25519 AAAAC3NzaC1lZDI1NTE5AAAAICo0AqApVsN8egMLtV6ViP+tSK9VI5kiLqco4LXxyRcJ root@ubuntu-xenial
ssh-rsa AAAAB3NzaC1yc2EAAAADAQABAAABAQCuGpUVD0aaopaseEGEdVvFwqjb8UW231SyJ/cKiQbP8LIz4e2ln7mqom4s8rWIJcwvNWeLGBU7E7D5pahvXmlbrm76mucy6rQ0JY5tijxvcb9zxuLDZY1oIlzKEo2E2UDpJM8xVzvw4w9geSm3qp8W1RSETlqN0+7+BAwiPDwO/w3YCGostq1teNdc+gUQfdBssI2Znwd8AMIJL+7oEx4rekgrK0FoBHkzyUpLpDPSQuGunV9R+8TXtfbnSEKPyoZH7BcWSx+5bBLooQ9Ojsf0AP7kKPswFjOOR1GMg4ZePK5TJZGEc4NJ6pGRDxDeGhioIVMLDF74RxQUheOcdiAr root@ubuntu-xenial
-----END SSH HOST KEY KEYS-----
[   10.519149] cloud-init[1341]: Cloud-init v. 19.2-36-g059d049c-0ubuntu2~16.04.1 running 'modules:final' at Wed, 15 Jan 2020 11:30:14 +0000. Up 10.39 seconds.
[   10.521027] cloud-init[1341]: ci-info: no authorized ssh keys fingerprints found for user ubuntu.
[   10.532442] cloud-init[1341]: Cloud-init v. 19.2-36-g059d049c-0ubuntu2~16.04.1 finished at Wed, 15 Jan 2020 11:30:14 +0000. Datasource DataSourceNoCloud [seed=/dev/sdb][dsmode=net].  Up 10.51 seconds
[[0;32m  OK  [0m] Started Execute cloud user/final scripts.
[[0;32m  OK  [0m] Reached target Cloud-init target.

Ubuntu 16.04.6 LTS ubuntu-xenial ttyS0

ubuntu-xenial login: 